The system is: Linux - 4.15.0-107-generic - x86_64
Compiling the C compiler identification source file "CMakeCCompilerId.c" succeeded.
Compiler: /home/aa/anaconda3/envs/vawt_35/bin/x86_64-conda_cos6-linux-gnu-cc 
Build flags: -march=nocona;-mtune=haswell;-ftree-vectorize;-fPIC;-fstack-protector-strong;-fno-plt;-O2;-ffunction-sections;-pipe;-isystem;/home/aa/anaconda3/envs/vawt_35/include
Id flags:  

The output was:
0


Compilation of the C compiler identification source "CMakeCCompilerId.c" produced "a.out"

The C compiler identification is GNU, found in "/home/aa/vawt_env/learn/trivia/CMakeFiles/3.17.0/CompilerIdC/a.out"

Compiling the CXX compiler identification source file "CMakeCXXCompilerId.cpp" succeeded.
Compiler: /home/aa/anaconda3/envs/vawt_35/bin/x86_64-conda_cos6-linux-gnu-c++ 
Build flags: -fvisibility-inlines-hidden;-std=c++17;-fmessage-length=0;-march=nocona;-mtune=haswell;-ftree-vectorize;-fPIC;-fstack-protector-strong;-fno-plt;-O2;-ffunction-sections;-pipe;-isystem;/home/aa/anaconda3/envs/vawt_35/include
Id flags:  

The output was:
0


Compilation of the CXX compiler identification source "CMakeCXXCompilerId.cpp" produced "a.out"

The CXX compiler identification is GNU, found in "/home/aa/vawt_env/learn/trivia/CMakeFiles/3.17.0/CompilerIdCXX/a.out"

Determining if the C compiler works passed with the following output:
Change Dir: /home/aa/vawt_env/learn/trivia/CMakeFiles/CMakeTmp

Run Build Command(s):/usr/bin/make cmTC_57b62/fast && /usr/bin/make -f CMakeFiles/cmTC_57b62.dir/build.make CMakeFiles/cmTC_57b62.dir/build
make[1]: Entering directory '/home/aa/vawt_env/learn/trivia/CMakeFiles/CMakeTmp'
Building C object CMakeFiles/cmTC_57b62.dir/testCCompiler.c.o
/home/aa/anaconda3/envs/vawt_35/bin/x86_64-conda_cos6-linux-gnu-cc   -march=nocona -mtune=haswell -ftree-vectorize -fPIC -fstack-protector-strong -fno-plt -O2 -ffunction-sections -pipe -isystem /home/aa/anaconda3/envs/vawt_35/include    -o CMakeFiles/cmTC_57b62.dir/testCCompiler.c.o   -c /home/aa/vawt_env/learn/trivia/CMakeFiles/CMakeTmp/testCCompiler.c
Linking C executable cmTC_57b62
/home/aa/anaconda3/envs/vawt_35/bin/cmake -E cmake_link_script CMakeFiles/cmTC_57b62.dir/link.txt --verbose=1
/home/aa/anaconda3/envs/vawt_35/bin/x86_64-conda_cos6-linux-gnu-cc -march=nocona -mtune=haswell -ftree-vectorize -fPIC -fstack-protector-strong -fno-plt -O2 -ffunction-sections -pipe -isystem /home/aa/anaconda3/envs/vawt_35/include   -Wl,-O2 -Wl,--sort-common -Wl,--as-needed -Wl,-z,relro -Wl,-z,now -Wl,--disable-new-dtags -Wl,--gc-sections -Wl,-rpath,/home/aa/anaconda3/envs/vawt_35/lib -Wl,-rpath-link,/home/aa/anaconda3/envs/vawt_35/lib -L/home/aa/anaconda3/envs/vawt_35/lib  -rdynamic CMakeFiles/cmTC_57b62.dir/testCCompiler.c.o  -o cmTC_57b62 
make[1]: Leaving directory '/home/aa/vawt_env/learn/trivia/CMakeFiles/CMakeTmp'



Detecting C compiler ABI info compiled with the following output:
Change Dir: /home/aa/vawt_env/learn/trivia/CMakeFiles/CMakeTmp

Run Build Command(s):/usr/bin/make cmTC_0edf3/fast && /usr/bin/make -f CMakeFiles/cmTC_0edf3.dir/build.make CMakeFiles/cmTC_0edf3.dir/build
make[1]: Entering directory '/home/aa/vawt_env/learn/trivia/CMakeFiles/CMakeTmp'
Building C object CMakeFiles/cmTC_0edf3.dir/CMakeCCompilerABI.c.o
/home/aa/anaconda3/envs/vawt_35/bin/x86_64-conda_cos6-linux-gnu-cc   -march=nocona -mtune=haswell -ftree-vectorize -fPIC -fstack-protector-strong -fno-plt -O2 -ffunction-sections -pipe -isystem /home/aa/anaconda3/envs/vawt_35/include    -v -o CMakeFiles/cmTC_0edf3.dir/CMakeCCompilerABI.c.o   -c /home/aa/anaconda3/envs/vawt_35/share/cmake-3.17/Modules/CMakeCCompilerABI.c
Reading specs from /home/aa/anaconda3/envs/vawt_35/bin/../lib/gcc/x86_64-conda_cos6-linux-gnu/7.5.0/specs
COLLECT_GCC=/home/aa/anaconda3/envs/vawt_35/bin/x86_64-conda_cos6-linux-gnu-cc
Target: x86_64-conda_cos6-linux-gnu
Configured with: /home/conda/feedstock_root/build_artifacts/ctng-compilers_1589464284303/work/.build/x86_64-conda_cos6-linux-gnu/src/gcc/configure --build=x86_64-build_pc-linux-gnu --host=x86_64-build_pc-linux-gnu --target=x86_64-conda_cos6-linux-gnu --prefix=/home/conda/feedstock_root/build_artifacts/ctng-compilers_1589464284303/work/gcc_built --with-sysroot=/home/conda/feedstock_root/build_artifacts/ctng-compilers_1589464284303/work/gcc_built/x86_64-conda_cos6-linux-gnu/sysroot --enable-languages=c,c++,fortran,objc,obj-c++ --with-pkgversion='crosstool-NG 1.24.0.123_1667d2b' --enable-__cxa_atexit --disable-libmudflap --enable-libgomp --disable-libssp --enable-libquadmath --enable-libquadmath-support --enable-libsanitizer --enable-libmpx --with-gmp=/home/conda/feedstock_root/build_artifacts/ctng-compilers_1589464284303/work/.build/x86_64-conda_cos6-linux-gnu/buildtools --with-mpfr=/home/conda/feedstock_root/build_artifacts/ctng-compilers_1589464284303/work/.build/x86_64-conda_cos6-linux-gnu/buildtools --with-mpc=/home/conda/feedstock_root/build_artifacts/ctng-compilers_1589464284303/work/.build/x86_64-conda_cos6-linux-gnu/buildtools --with-isl=/home/conda/feedstock_root/build_artifacts/ctng-compilers_1589464284303/work/.build/x86_64-conda_cos6-linux-gnu/buildtools --enable-lto --with-host-libstdcxx='-static-libgcc -Wl,-Bstatic,-lstdc++,-Bdynamic -lm' --enable-threads=posix --enable-target-optspace --enable-plugin --enable-gold --disable-nls --disable-multilib --with-local-prefix=/home/conda/feedstock_root/build_artifacts/ctng-compilers_1589464284303/work/gcc_built/x86_64-conda_cos6-linux-gnu/sysroot --enable-long-long --enable-default-pie
Thread model: posix
gcc version 7.5.0 (crosstool-NG 1.24.0.123_1667d2b) 
COLLECT_GCC_OPTIONS='-march=nocona' '-mtune=haswell' '-ftree-vectorize' '-fPIC' '-fstack-protector-strong' '-fno-plt' '-O2' '-ffunction-sections' '-pipe' '-isystem' '/home/aa/anaconda3/envs/vawt_35/include' '-v' '-o' 'CMakeFiles/cmTC_0edf3.dir/CMakeCCompilerABI.c.o' '-c'
 /home/aa/anaconda3/envs/vawt_35/bin/../libexec/gcc/x86_64-conda_cos6-linux-gnu/7.5.0/cc1 -quiet -v -iprefix /home/aa/anaconda3/envs/vawt_35/bin/../lib/gcc/x86_64-conda_cos6-linux-gnu/7.5.0/ -isysroot /home/aa/anaconda3/envs/vawt_35/bin/../x86_64-conda_cos6-linux-gnu/sysroot -isystem /home/aa/anaconda3/envs/vawt_35/include /home/aa/anaconda3/envs/vawt_35/share/cmake-3.17/Modules/CMakeCCompilerABI.c -quiet -dumpbase CMakeCCompilerABI.c -march=nocona -mtune=haswell -auxbase-strip CMakeFiles/cmTC_0edf3.dir/CMakeCCompilerABI.c.o -O2 -version -ftree-vectorize -fPIC -fstack-protector-strong -fno-plt -ffunction-sections -o - |
 /home/aa/anaconda3/envs/vawt_35/bin/../lib/gcc/x86_64-conda_cos6-linux-gnu/7.5.0/../../../../x86_64-conda_cos6-linux-gnu/bin/as -v --64 -o CMakeFiles/cmTC_0edf3.dir/CMakeCCompilerABI.c.o
GNU assembler version 2.34 (x86_64-conda_cos6-linux-gnu) using BFD version (GNU Binutils) 2.34
GNU C11 (crosstool-NG 1.24.0.123_1667d2b) version 7.5.0 (x86_64-conda_cos6-linux-gnu)
	compiled by GNU C version 4.4.7 20120313 (Red Hat 4.4.7-23), GMP version 6.2.0, MPFR version 4.0.2, MPC version 1.1.0, isl version isl-0.22-GMP

GGC heuristics: --param ggc-min-expand=100 --param ggc-min-heapsize=131072
ignoring duplicate directory "/home/aa/anaconda3/envs/vawt_35/bin/../lib/gcc/../../lib/gcc/x86_64-conda_cos6-linux-gnu/7.5.0/include"
ignoring nonexistent directory "/home/aa/anaconda3/envs/vawt_35/bin/../x86_64-conda_cos6-linux-gnu/sysroot/home/conda/feedstock_root/build_artifacts/ctng-compilers_1589464284303/work/gcc_built/x86_64-conda_cos6-linux-gnu/sysroot/include"
ignoring duplicate directory "/home/aa/anaconda3/envs/vawt_35/bin/../lib/gcc/../../lib/gcc/x86_64-conda_cos6-linux-gnu/7.5.0/include-fixed"
ignoring duplicate directory "/home/aa/anaconda3/envs/vawt_35/bin/../lib/gcc/../../lib/gcc/x86_64-conda_cos6-linux-gnu/7.5.0/../../../../x86_64-conda_cos6-linux-gnu/include"
#include "..." search starts here:
#include <...> search starts here:
 /home/aa/anaconda3/envs/vawt_35/include
 /home/aa/anaconda3/envs/vawt_35/bin/../lib/gcc/x86_64-conda_cos6-linux-gnu/7.5.0/include
 /home/aa/anaconda3/envs/vawt_35/bin/../lib/gcc/x86_64-conda_cos6-linux-gnu/7.5.0/include-fixed
 /home/aa/anaconda3/envs/vawt_35/bin/../lib/gcc/x86_64-conda_cos6-linux-gnu/7.5.0/../../../../x86_64-conda_cos6-linux-gnu/include
 /home/aa/anaconda3/envs/vawt_35/bin/../x86_64-conda_cos6-linux-gnu/sysroot/usr/include
End of search list.
GNU C11 (crosstool-NG 1.24.0.123_1667d2b) version 7.5.0 (x86_64-conda_cos6-linux-gnu)
	compiled by GNU C version 4.4.7 20120313 (Red Hat 4.4.7-23), GMP version 6.2.0, MPFR version 4.0.2, MPC version 1.1.0, isl version isl-0.22-GMP

GGC heuristics: --param ggc-min-expand=100 --param ggc-min-heapsize=131072
Compiler executable checksum: f57866b64dcea9f77e1a3851598fee15
COMPILER_PATH=/home/aa/anaconda3/envs/vawt_35/bin/../libexec/gcc/x86_64-conda_cos6-linux-gnu/7.5.0/:/home/aa/anaconda3/envs/vawt_35/bin/../libexec/gcc/:/home/aa/anaconda3/envs/vawt_35/bin/../lib/gcc/x86_64-conda_cos6-linux-gnu/7.5.0/../../../../x86_64-conda_cos6-linux-gnu/bin/
LIBRARY_PATH=/home/aa/anaconda3/envs/vawt_35/bin/../lib/gcc/x86_64-conda_cos6-linux-gnu/7.5.0/:/home/aa/anaconda3/envs/vawt_35/bin/../lib/gcc/:/home/aa/anaconda3/envs/vawt_35/bin/../lib/gcc/x86_64-conda_cos6-linux-gnu/7.5.0/../../../../x86_64-conda_cos6-linux-gnu/lib/../lib/:/home/aa/anaconda3/envs/vawt_35/bin/../x86_64-conda_cos6-linux-gnu/sysroot/lib/../lib/:/home/aa/anaconda3/envs/vawt_35/bin/../x86_64-conda_cos6-linux-gnu/sysroot/usr/lib/../lib/:/home/aa/anaconda3/envs/vawt_35/bin/../lib/gcc/x86_64-conda_cos6-linux-gnu/7.5.0/../../../../x86_64-conda_cos6-linux-gnu/lib/:/home/aa/anaconda3/envs/vawt_35/bin/../x86_64-conda_cos6-linux-gnu/sysroot/lib/:/home/aa/anaconda3/envs/vawt_35/bin/../x86_64-conda_cos6-linux-gnu/sysroot/usr/lib/
COLLECT_GCC_OPTIONS='-march=nocona' '-mtune=haswell' '-ftree-vectorize' '-fPIC' '-fstack-protector-strong' '-fno-plt' '-O2' '-ffunction-sections' '-pipe' '-isystem' '/home/aa/anaconda3/envs/vawt_35/include' '-v' '-o' 'CMakeFiles/cmTC_0edf3.dir/CMakeCCompilerABI.c.o' '-c'
Linking C executable cmTC_0edf3
/home/aa/anaconda3/envs/vawt_35/bin/cmake -E cmake_link_script CMakeFiles/cmTC_0edf3.dir/link.txt --verbose=1
/home/aa/anaconda3/envs/vawt_35/bin/x86_64-conda_cos6-linux-gnu-cc -march=nocona -mtune=haswell -ftree-vectorize -fPIC -fstack-protector-strong -fno-plt -O2 -ffunction-sections -pipe -isystem /home/aa/anaconda3/envs/vawt_35/include   -Wl,-O2 -Wl,--sort-common -Wl,--as-needed -Wl,-z,relro -Wl,-z,now -Wl,--disable-new-dtags -Wl,--gc-sections -Wl,-rpath,/home/aa/anaconda3/envs/vawt_35/lib -Wl,-rpath-link,/home/aa/anaconda3/envs/vawt_35/lib -L/home/aa/anaconda3/envs/vawt_35/lib -v -rdynamic CMakeFiles/cmTC_0edf3.dir/CMakeCCompilerABI.c.o  -o cmTC_0edf3 
Reading specs from /home/aa/anaconda3/envs/vawt_35/bin/../lib/gcc/x86_64-conda_cos6-linux-gnu/7.5.0/specs
COLLECT_GCC=/home/aa/anaconda3/envs/vawt_35/bin/x86_64-conda_cos6-linux-gnu-cc
COLLECT_LTO_WRAPPER=/home/aa/anaconda3/envs/vawt_35/bin/../libexec/gcc/x86_64-conda_cos6-linux-gnu/7.5.0/lto-wrapper
Target: x86_64-conda_cos6-linux-gnu
Configured with: /home/conda/feedstock_root/build_artifacts/ctng-compilers_1589464284303/work/.build/x86_64-conda_cos6-linux-gnu/src/gcc/configure --build=x86_64-build_pc-linux-gnu --host=x86_64-build_pc-linux-gnu --target=x86_64-conda_cos6-linux-gnu --prefix=/home/conda/feedstock_root/build_artifacts/ctng-compilers_1589464284303/work/gcc_built --with-sysroot=/home/conda/feedstock_root/build_artifacts/ctng-compilers_1589464284303/work/gcc_built/x86_64-conda_cos6-linux-gnu/sysroot --enable-languages=c,c++,fortran,objc,obj-c++ --with-pkgversion='crosstool-NG 1.24.0.123_1667d2b' --enable-__cxa_atexit --disable-libmudflap --enable-libgomp --disable-libssp --enable-libquadmath --enable-libquadmath-support --enable-libsanitizer --enable-libmpx --with-gmp=/home/conda/feedstock_root/build_artifacts/ctng-compilers_1589464284303/work/.build/x86_64-conda_cos6-linux-gnu/buildtools --with-mpfr=/home/conda/feedstock_root/build_artifacts/ctng-compilers_1589464284303/work/.build/x86_64-conda_cos6-linux-gnu/buildtools --with-mpc=/home/conda/feedstock_root/build_artifacts/ctng-compilers_1589464284303/work/.build/x86_64-conda_cos6-linux-gnu/buildtools --with-isl=/home/conda/feedstock_root/build_artifacts/ctng-compilers_1589464284303/work/.build/x86_64-conda_cos6-linux-gnu/buildtools --enable-lto --with-host-libstdcxx='-static-libgcc -Wl,-Bstatic,-lstdc++,-Bdynamic -lm' --enable-threads=posix --enable-target-optspace --enable-plugin --enable-gold --disable-nls --disable-multilib --with-local-prefix=/home/conda/feedstock_root/build_artifacts/ctng-compilers_1589464284303/work/gcc_built/x86_64-conda_cos6-linux-gnu/sysroot --enable-long-long --enable-default-pie
Thread model: posix
gcc version 7.5.0 (crosstool-NG 1.24.0.123_1667d2b) 
COMPILER_PATH=/home/aa/anaconda3/envs/vawt_35/bin/../libexec/gcc/x86_64-conda_cos6-linux-gnu/7.5.0/:/home/aa/anaconda3/envs/vawt_35/bin/../libexec/gcc/:/home/aa/anaconda3/envs/vawt_35/bin/../lib/gcc/x86_64-conda_cos6-linux-gnu/7.5.0/../../../../x86_64-conda_cos6-linux-gnu/bin/
LIBRARY_PATH=/home/aa/anaconda3/envs/vawt_35/bin/../lib/gcc/x86_64-conda_cos6-linux-gnu/7.5.0/:/home/aa/anaconda3/envs/vawt_35/bin/../lib/gcc/:/home/aa/anaconda3/envs/vawt_35/bin/../lib/gcc/x86_64-conda_cos6-linux-gnu/7.5.0/../../../../x86_64-conda_cos6-linux-gnu/lib/../lib/:/home/aa/anaconda3/envs/vawt_35/bin/../x86_64-conda_cos6-linux-gnu/sysroot/lib/../lib/:/home/aa/anaconda3/envs/vawt_35/bin/../x86_64-conda_cos6-linux-gnu/sysroot/usr/lib/../lib/:/home/aa/anaconda3/envs/vawt_35/bin/../lib/gcc/x86_64-conda_cos6-linux-gnu/7.5.0/../../../../x86_64-conda_cos6-linux-gnu/lib/:/home/aa/anaconda3/envs/vawt_35/bin/../x86_64-conda_cos6-linux-gnu/sysroot/lib/:/home/aa/anaconda3/envs/vawt_35/bin/../x86_64-conda_cos6-linux-gnu/sysroot/usr/lib/
COLLECT_GCC_OPTIONS='-march=nocona' '-mtune=haswell' '-ftree-vectorize' '-fPIC' '-fstack-protector-strong' '-fno-plt' '-O2' '-ffunction-sections' '-pipe' '-isystem' '/home/aa/anaconda3/envs/vawt_35/include' '-L/home/aa/anaconda3/envs/vawt_35/lib' '-v' '-rdynamic' '-o' 'cmTC_0edf3'
 /home/aa/anaconda3/envs/vawt_35/bin/../libexec/gcc/x86_64-conda_cos6-linux-gnu/7.5.0/collect2 -plugin /home/aa/anaconda3/envs/vawt_35/bin/../libexec/gcc/x86_64-conda_cos6-linux-gnu/7.5.0/liblto_plugin.so -plugin-opt=/home/aa/anaconda3/envs/vawt_35/bin/../libexec/gcc/x86_64-conda_cos6-linux-gnu/7.5.0/lto-wrapper -plugin-opt=-fresolution=/tmp/ccQtTtBC.res -plugin-opt=-pass-through=-lgcc -plugin-opt=-pass-through=-lgcc_s -plugin-opt=-pass-through=-lc -plugin-opt=-pass-through=-lgcc -plugin-opt=-pass-through=-lgcc_s --sysroot=/home/aa/anaconda3/envs/vawt_35/bin/../x86_64-conda_cos6-linux-gnu/sysroot --eh-frame-hdr -m elf_x86_64 -export-dynamic -dynamic-linker /lib64/ld-linux-x86-64.so.2 -pie -o cmTC_0edf3 /home/aa/anaconda3/envs/vawt_35/bin/../x86_64-conda_cos6-linux-gnu/sysroot/usr/lib/../lib/Scrt1.o /home/aa/anaconda3/envs/vawt_35/bin/../x86_64-conda_cos6-linux-gnu/sysroot/usr/lib/../lib/crti.o /home/aa/anaconda3/envs/vawt_35/bin/../lib/gcc/x86_64-conda_cos6-linux-gnu/7.5.0/crtbeginS.o -L/home/aa/anaconda3/envs/vawt_35/lib -L/home/aa/anaconda3/envs/vawt_35/bin/../lib/gcc/x86_64-conda_cos6-linux-gnu/7.5.0 -L/home/aa/anaconda3/envs/vawt_35/bin/../lib/gcc -L/home/aa/anaconda3/envs/vawt_35/bin/../lib/gcc/x86_64-conda_cos6-linux-gnu/7.5.0/../../../../x86_64-conda_cos6-linux-gnu/lib/../lib -L/home/aa/anaconda3/envs/vawt_35/bin/../x86_64-conda_cos6-linux-gnu/sysroot/lib/../lib -L/home/aa/anaconda3/envs/vawt_35/bin/../x86_64-conda_cos6-linux-gnu/sysroot/usr/lib/../lib -L/home/aa/anaconda3/envs/vawt_35/bin/../lib/gcc/x86_64-conda_cos6-linux-gnu/7.5.0/../../../../x86_64-conda_cos6-linux-gnu/lib -L/home/aa/anaconda3/envs/vawt_35/bin/../x86_64-conda_cos6-linux-gnu/sysroot/lib -L/home/aa/anaconda3/envs/vawt_35/bin/../x86_64-conda_cos6-linux-gnu/sysroot/usr/lib -rpath /home/aa/anaconda3/envs/vawt_35/lib -O2 --sort-common --as-needed -z relro -z now --disable-new-dtags --gc-sections -rpath /home/aa/anaconda3/envs/vawt_35/lib -rpath-link /home/aa/anaconda3/envs/vawt_35/lib CMakeFiles/cmTC_0edf3.dir/CMakeCCompilerABI.c.o -lgcc --as-needed -lgcc_s --no-as-needed -lc -lgcc --as-needed -lgcc_s --no-as-needed /home/aa/anaconda3/envs/vawt_35/bin/../lib/gcc/x86_64-conda_cos6-linux-gnu/7.5.0/crtendS.o /home/aa/anaconda3/envs/vawt_35/bin/../x86_64-conda_cos6-linux-gnu/sysroot/usr/lib/../lib/crtn.o
COLLECT_GCC_OPTIONS='-march=nocona' '-mtune=haswell' '-ftree-vectorize' '-fPIC' '-fstack-protector-strong' '-fno-plt' '-O2' '-ffunction-sections' '-pipe' '-isystem' '/home/aa/anaconda3/envs/vawt_35/include' '-L/home/aa/anaconda3/envs/vawt_35/lib' '-v' '-rdynamic' '-o' 'cmTC_0edf3'
make[1]: Leaving directory '/home/aa/vawt_env/learn/trivia/CMakeFiles/CMakeTmp'



Parsed C implicit include dir info from above output: rv=done
  found start of include info
  found start of implicit include info
    add: [/home/aa/anaconda3/envs/vawt_35/include]
    add: [/home/aa/anaconda3/envs/vawt_35/bin/../lib/gcc/x86_64-conda_cos6-linux-gnu/7.5.0/include]
    add: [/home/aa/anaconda3/envs/vawt_35/bin/../lib/gcc/x86_64-conda_cos6-linux-gnu/7.5.0/include-fixed]
    add: [/home/aa/anaconda3/envs/vawt_35/bin/../lib/gcc/x86_64-conda_cos6-linux-gnu/7.5.0/../../../../x86_64-conda_cos6-linux-gnu/include]
    add: [/home/aa/anaconda3/envs/vawt_35/bin/../x86_64-conda_cos6-linux-gnu/sysroot/usr/include]
  end of search list found
  collapse include dir [/home/aa/anaconda3/envs/vawt_35/include] ==> [/home/aa/anaconda3/envs/vawt_35/include]
  collapse include dir [/home/aa/anaconda3/envs/vawt_35/bin/../lib/gcc/x86_64-conda_cos6-linux-gnu/7.5.0/include] ==> [/home/aa/anaconda3/envs/vawt_35/lib/gcc/x86_64-conda_cos6-linux-gnu/7.5.0/include]
  collapse include dir [/home/aa/anaconda3/envs/vawt_35/bin/../lib/gcc/x86_64-conda_cos6-linux-gnu/7.5.0/include-fixed] ==> [/home/aa/anaconda3/envs/vawt_35/lib/gcc/x86_64-conda_cos6-linux-gnu/7.5.0/include-fixed]
  collapse include dir [/home/aa/anaconda3/envs/vawt_35/bin/../lib/gcc/x86_64-conda_cos6-linux-gnu/7.5.0/../../../../x86_64-conda_cos6-linux-gnu/include] ==> [/home/aa/anaconda3/envs/vawt_35/x86_64-conda_cos6-linux-gnu/include]
  collapse include dir [/home/aa/anaconda3/envs/vawt_35/bin/../x86_64-conda_cos6-linux-gnu/sysroot/usr/include] ==> [/home/aa/anaconda3/envs/vawt_35/x86_64-conda_cos6-linux-gnu/sysroot/usr/include]
  implicit include dirs: [/home/aa/anaconda3/envs/vawt_35/include;/home/aa/anaconda3/envs/vawt_35/lib/gcc/x86_64-conda_cos6-linux-gnu/7.5.0/include;/home/aa/anaconda3/envs/vawt_35/lib/gcc/x86_64-conda_cos6-linux-gnu/7.5.0/include-fixed;/home/aa/anaconda3/envs/vawt_35/x86_64-conda_cos6-linux-gnu/include;/home/aa/anaconda3/envs/vawt_35/x86_64-conda_cos6-linux-gnu/sysroot/usr/include]


Parsed C implicit link information from above output:
  link line regex: [^( *|.*[/\])(ld|CMAKE_LINK_STARTFILE-NOTFOUND|([^/\]+-)?ld|collect2)[^/\]*( |$)]
  ignore line: [Change Dir: /home/aa/vawt_env/learn/trivia/CMakeFiles/CMakeTmp]
  ignore line: []
  ignore line: [Run Build Command(s):/usr/bin/make cmTC_0edf3/fast && /usr/bin/make -f CMakeFiles/cmTC_0edf3.dir/build.make CMakeFiles/cmTC_0edf3.dir/build]
  ignore line: [make[1]: Entering directory '/home/aa/vawt_env/learn/trivia/CMakeFiles/CMakeTmp']
  ignore line: [Building C object CMakeFiles/cmTC_0edf3.dir/CMakeCCompilerABI.c.o]
  ignore line: [/home/aa/anaconda3/envs/vawt_35/bin/x86_64-conda_cos6-linux-gnu-cc   -march=nocona -mtune=haswell -ftree-vectorize -fPIC -fstack-protector-strong -fno-plt -O2 -ffunction-sections -pipe -isystem /home/aa/anaconda3/envs/vawt_35/include    -v -o CMakeFiles/cmTC_0edf3.dir/CMakeCCompilerABI.c.o   -c /home/aa/anaconda3/envs/vawt_35/share/cmake-3.17/Modules/CMakeCCompilerABI.c]
  ignore line: [Reading specs from /home/aa/anaconda3/envs/vawt_35/bin/../lib/gcc/x86_64-conda_cos6-linux-gnu/7.5.0/specs]
  ignore line: [COLLECT_GCC=/home/aa/anaconda3/envs/vawt_35/bin/x86_64-conda_cos6-linux-gnu-cc]
  ignore line: [Target: x86_64-conda_cos6-linux-gnu]
  ignore line: [Configured with: /home/conda/feedstock_root/build_artifacts/ctng-compilers_1589464284303/work/.build/x86_64-conda_cos6-linux-gnu/src/gcc/configure --build=x86_64-build_pc-linux-gnu --host=x86_64-build_pc-linux-gnu --target=x86_64-conda_cos6-linux-gnu --prefix=/home/conda/feedstock_root/build_artifacts/ctng-compilers_1589464284303/work/gcc_built --with-sysroot=/home/conda/feedstock_root/build_artifacts/ctng-compilers_1589464284303/work/gcc_built/x86_64-conda_cos6-linux-gnu/sysroot --enable-languages=c c++ fortran objc obj-c++ --with-pkgversion='crosstool-NG 1.24.0.123_1667d2b' --enable-__cxa_atexit --disable-libmudflap --enable-libgomp --disable-libssp --enable-libquadmath --enable-libquadmath-support --enable-libsanitizer --enable-libmpx --with-gmp=/home/conda/feedstock_root/build_artifacts/ctng-compilers_1589464284303/work/.build/x86_64-conda_cos6-linux-gnu/buildtools --with-mpfr=/home/conda/feedstock_root/build_artifacts/ctng-compilers_1589464284303/work/.build/x86_64-conda_cos6-linux-gnu/buildtools --with-mpc=/home/conda/feedstock_root/build_artifacts/ctng-compilers_1589464284303/work/.build/x86_64-conda_cos6-linux-gnu/buildtools --with-isl=/home/conda/feedstock_root/build_artifacts/ctng-compilers_1589464284303/work/.build/x86_64-conda_cos6-linux-gnu/buildtools --enable-lto --with-host-libstdcxx='-static-libgcc -Wl -Bstatic -lstdc++ -Bdynamic -lm' --enable-threads=posix --enable-target-optspace --enable-plugin --enable-gold --disable-nls --disable-multilib --with-local-prefix=/home/conda/feedstock_root/build_artifacts/ctng-compilers_1589464284303/work/gcc_built/x86_64-conda_cos6-linux-gnu/sysroot --enable-long-long --enable-default-pie]
  ignore line: [Thread model: posix]
  ignore line: [gcc version 7.5.0 (crosstool-NG 1.24.0.123_1667d2b) ]
  ignore line: [COLLECT_GCC_OPTIONS='-march=nocona' '-mtune=haswell' '-ftree-vectorize' '-fPIC' '-fstack-protector-strong' '-fno-plt' '-O2' '-ffunction-sections' '-pipe' '-isystem' '/home/aa/anaconda3/envs/vawt_35/include' '-v' '-o' 'CMakeFiles/cmTC_0edf3.dir/CMakeCCompilerABI.c.o' '-c']
  ignore line: [ /home/aa/anaconda3/envs/vawt_35/bin/../libexec/gcc/x86_64-conda_cos6-linux-gnu/7.5.0/cc1 -quiet -v -iprefix /home/aa/anaconda3/envs/vawt_35/bin/../lib/gcc/x86_64-conda_cos6-linux-gnu/7.5.0/ -isysroot /home/aa/anaconda3/envs/vawt_35/bin/../x86_64-conda_cos6-linux-gnu/sysroot -isystem /home/aa/anaconda3/envs/vawt_35/include /home/aa/anaconda3/envs/vawt_35/share/cmake-3.17/Modules/CMakeCCompilerABI.c -quiet -dumpbase CMakeCCompilerABI.c -march=nocona -mtune=haswell -auxbase-strip CMakeFiles/cmTC_0edf3.dir/CMakeCCompilerABI.c.o -O2 -version -ftree-vectorize -fPIC -fstack-protector-strong -fno-plt -ffunction-sections -o - |]
  ignore line: [ /home/aa/anaconda3/envs/vawt_35/bin/../lib/gcc/x86_64-conda_cos6-linux-gnu/7.5.0/../../../../x86_64-conda_cos6-linux-gnu/bin/as -v --64 -o CMakeFiles/cmTC_0edf3.dir/CMakeCCompilerABI.c.o]
  ignore line: [GNU assembler version 2.34 (x86_64-conda_cos6-linux-gnu) using BFD version (GNU Binutils) 2.34]
  ignore line: [GNU C11 (crosstool-NG 1.24.0.123_1667d2b) version 7.5.0 (x86_64-conda_cos6-linux-gnu)]
  ignore line: [	compiled by GNU C version 4.4.7 20120313 (Red Hat 4.4.7-23)  GMP version 6.2.0  MPFR version 4.0.2  MPC version 1.1.0  isl version isl-0.22-GMP]
  ignore line: []
  ignore line: [GGC heuristics: --param ggc-min-expand=100 --param ggc-min-heapsize=131072]
  ignore line: [ignoring duplicate directory "/home/aa/anaconda3/envs/vawt_35/bin/../lib/gcc/../../lib/gcc/x86_64-conda_cos6-linux-gnu/7.5.0/include"]
  ignore line: [ignoring nonexistent directory "/home/aa/anaconda3/envs/vawt_35/bin/../x86_64-conda_cos6-linux-gnu/sysroot/home/conda/feedstock_root/build_artifacts/ctng-compilers_1589464284303/work/gcc_built/x86_64-conda_cos6-linux-gnu/sysroot/include"]
  ignore line: [ignoring duplicate directory "/home/aa/anaconda3/envs/vawt_35/bin/../lib/gcc/../../lib/gcc/x86_64-conda_cos6-linux-gnu/7.5.0/include-fixed"]
  ignore line: [ignoring duplicate directory "/home/aa/anaconda3/envs/vawt_35/bin/../lib/gcc/../../lib/gcc/x86_64-conda_cos6-linux-gnu/7.5.0/../../../../x86_64-conda_cos6-linux-gnu/include"]
  ignore line: [#include "..." search starts here:]
  ignore line: [#include <...> search starts here:]
  ignore line: [ /home/aa/anaconda3/envs/vawt_35/include]
  ignore line: [ /home/aa/anaconda3/envs/vawt_35/bin/../lib/gcc/x86_64-conda_cos6-linux-gnu/7.5.0/include]
  ignore line: [ /home/aa/anaconda3/envs/vawt_35/bin/../lib/gcc/x86_64-conda_cos6-linux-gnu/7.5.0/include-fixed]
  ignore line: [ /home/aa/anaconda3/envs/vawt_35/bin/../lib/gcc/x86_64-conda_cos6-linux-gnu/7.5.0/../../../../x86_64-conda_cos6-linux-gnu/include]
  ignore line: [ /home/aa/anaconda3/envs/vawt_35/bin/../x86_64-conda_cos6-linux-gnu/sysroot/usr/include]
  ignore line: [End of search list.]
  ignore line: [GNU C11 (crosstool-NG 1.24.0.123_1667d2b) version 7.5.0 (x86_64-conda_cos6-linux-gnu)]
  ignore line: [	compiled by GNU C version 4.4.7 20120313 (Red Hat 4.4.7-23)  GMP version 6.2.0  MPFR version 4.0.2  MPC version 1.1.0  isl version isl-0.22-GMP]
  ignore line: []
  ignore line: [GGC heuristics: --param ggc-min-expand=100 --param ggc-min-heapsize=131072]
  ignore line: [Compiler executable checksum: f57866b64dcea9f77e1a3851598fee15]
  ignore line: [COMPILER_PATH=/home/aa/anaconda3/envs/vawt_35/bin/../libexec/gcc/x86_64-conda_cos6-linux-gnu/7.5.0/:/home/aa/anaconda3/envs/vawt_35/bin/../libexec/gcc/:/home/aa/anaconda3/envs/vawt_35/bin/../lib/gcc/x86_64-conda_cos6-linux-gnu/7.5.0/../../../../x86_64-conda_cos6-linux-gnu/bin/]
  ignore line: [LIBRARY_PATH=/home/aa/anaconda3/envs/vawt_35/bin/../lib/gcc/x86_64-conda_cos6-linux-gnu/7.5.0/:/home/aa/anaconda3/envs/vawt_35/bin/../lib/gcc/:/home/aa/anaconda3/envs/vawt_35/bin/../lib/gcc/x86_64-conda_cos6-linux-gnu/7.5.0/../../../../x86_64-conda_cos6-linux-gnu/lib/../lib/:/home/aa/anaconda3/envs/vawt_35/bin/../x86_64-conda_cos6-linux-gnu/sysroot/lib/../lib/:/home/aa/anaconda3/envs/vawt_35/bin/../x86_64-conda_cos6-linux-gnu/sysroot/usr/lib/../lib/:/home/aa/anaconda3/envs/vawt_35/bin/../lib/gcc/x86_64-conda_cos6-linux-gnu/7.5.0/../../../../x86_64-conda_cos6-linux-gnu/lib/:/home/aa/anaconda3/envs/vawt_35/bin/../x86_64-conda_cos6-linux-gnu/sysroot/lib/:/home/aa/anaconda3/envs/vawt_35/bin/../x86_64-conda_cos6-linux-gnu/sysroot/usr/lib/]
  ignore line: [COLLECT_GCC_OPTIONS='-march=nocona' '-mtune=haswell' '-ftree-vectorize' '-fPIC' '-fstack-protector-strong' '-fno-plt' '-O2' '-ffunction-sections' '-pipe' '-isystem' '/home/aa/anaconda3/envs/vawt_35/include' '-v' '-o' 'CMakeFiles/cmTC_0edf3.dir/CMakeCCompilerABI.c.o' '-c']
  ignore line: [Linking C executable cmTC_0edf3]
  ignore line: [/home/aa/anaconda3/envs/vawt_35/bin/cmake -E cmake_link_script CMakeFiles/cmTC_0edf3.dir/link.txt --verbose=1]
  ignore line: [/home/aa/anaconda3/envs/vawt_35/bin/x86_64-conda_cos6-linux-gnu-cc -march=nocona -mtune=haswell -ftree-vectorize -fPIC -fstack-protector-strong -fno-plt -O2 -ffunction-sections -pipe -isystem /home/aa/anaconda3/envs/vawt_35/include   -Wl -O2 -Wl --sort-common -Wl --as-needed -Wl -z relro -Wl -z now -Wl --disable-new-dtags -Wl --gc-sections -Wl -rpath /home/aa/anaconda3/envs/vawt_35/lib -Wl -rpath-link /home/aa/anaconda3/envs/vawt_35/lib -L/home/aa/anaconda3/envs/vawt_35/lib -v -rdynamic CMakeFiles/cmTC_0edf3.dir/CMakeCCompilerABI.c.o  -o cmTC_0edf3 ]
  ignore line: [Reading specs from /home/aa/anaconda3/envs/vawt_35/bin/../lib/gcc/x86_64-conda_cos6-linux-gnu/7.5.0/specs]
  ignore line: [COLLECT_GCC=/home/aa/anaconda3/envs/vawt_35/bin/x86_64-conda_cos6-linux-gnu-cc]
  ignore line: [COLLECT_LTO_WRAPPER=/home/aa/anaconda3/envs/vawt_35/bin/../libexec/gcc/x86_64-conda_cos6-linux-gnu/7.5.0/lto-wrapper]
  ignore line: [Target: x86_64-conda_cos6-linux-gnu]
  ignore line: [Configured with: /home/conda/feedstock_root/build_artifacts/ctng-compilers_1589464284303/work/.build/x86_64-conda_cos6-linux-gnu/src/gcc/configure --build=x86_64-build_pc-linux-gnu --host=x86_64-build_pc-linux-gnu --target=x86_64-conda_cos6-linux-gnu --prefix=/home/conda/feedstock_root/build_artifacts/ctng-compilers_1589464284303/work/gcc_built --with-sysroot=/home/conda/feedstock_root/build_artifacts/ctng-compilers_1589464284303/work/gcc_built/x86_64-conda_cos6-linux-gnu/sysroot --enable-languages=c c++ fortran objc obj-c++ --with-pkgversion='crosstool-NG 1.24.0.123_1667d2b' --enable-__cxa_atexit --disable-libmudflap --enable-libgomp --disable-libssp --enable-libquadmath --enable-libquadmath-support --enable-libsanitizer --enable-libmpx --with-gmp=/home/conda/feedstock_root/build_artifacts/ctng-compilers_1589464284303/work/.build/x86_64-conda_cos6-linux-gnu/buildtools --with-mpfr=/home/conda/feedstock_root/build_artifacts/ctng-compilers_1589464284303/work/.build/x86_64-conda_cos6-linux-gnu/buildtools --with-mpc=/home/conda/feedstock_root/build_artifacts/ctng-compilers_1589464284303/work/.build/x86_64-conda_cos6-linux-gnu/buildtools --with-isl=/home/conda/feedstock_root/build_artifacts/ctng-compilers_1589464284303/work/.build/x86_64-conda_cos6-linux-gnu/buildtools --enable-lto --with-host-libstdcxx='-static-libgcc -Wl -Bstatic -lstdc++ -Bdynamic -lm' --enable-threads=posix --enable-target-optspace --enable-plugin --enable-gold --disable-nls --disable-multilib --with-local-prefix=/home/conda/feedstock_root/build_artifacts/ctng-compilers_1589464284303/work/gcc_built/x86_64-conda_cos6-linux-gnu/sysroot --enable-long-long --enable-default-pie]
  ignore line: [Thread model: posix]
  ignore line: [gcc version 7.5.0 (crosstool-NG 1.24.0.123_1667d2b) ]
  ignore line: [COMPILER_PATH=/home/aa/anaconda3/envs/vawt_35/bin/../libexec/gcc/x86_64-conda_cos6-linux-gnu/7.5.0/:/home/aa/anaconda3/envs/vawt_35/bin/../libexec/gcc/:/home/aa/anaconda3/envs/vawt_35/bin/../lib/gcc/x86_64-conda_cos6-linux-gnu/7.5.0/../../../../x86_64-conda_cos6-linux-gnu/bin/]
  ignore line: [LIBRARY_PATH=/home/aa/anaconda3/envs/vawt_35/bin/../lib/gcc/x86_64-conda_cos6-linux-gnu/7.5.0/:/home/aa/anaconda3/envs/vawt_35/bin/../lib/gcc/:/home/aa/anaconda3/envs/vawt_35/bin/../lib/gcc/x86_64-conda_cos6-linux-gnu/7.5.0/../../../../x86_64-conda_cos6-linux-gnu/lib/../lib/:/home/aa/anaconda3/envs/vawt_35/bin/../x86_64-conda_cos6-linux-gnu/sysroot/lib/../lib/:/home/aa/anaconda3/envs/vawt_35/bin/../x86_64-conda_cos6-linux-gnu/sysroot/usr/lib/../lib/:/home/aa/anaconda3/envs/vawt_35/bin/../lib/gcc/x86_64-conda_cos6-linux-gnu/7.5.0/../../../../x86_64-conda_cos6-linux-gnu/lib/:/home/aa/anaconda3/envs/vawt_35/bin/../x86_64-conda_cos6-linux-gnu/sysroot/lib/:/home/aa/anaconda3/envs/vawt_35/bin/../x86_64-conda_cos6-linux-gnu/sysroot/usr/lib/]
  ignore line: [COLLECT_GCC_OPTIONS='-march=nocona' '-mtune=haswell' '-ftree-vectorize' '-fPIC' '-fstack-protector-strong' '-fno-plt' '-O2' '-ffunction-sections' '-pipe' '-isystem' '/home/aa/anaconda3/envs/vawt_35/include' '-L/home/aa/anaconda3/envs/vawt_35/lib' '-v' '-rdynamic' '-o' 'cmTC_0edf3']
  link line: [ /home/aa/anaconda3/envs/vawt_35/bin/../libexec/gcc/x86_64-conda_cos6-linux-gnu/7.5.0/collect2 -plugin /home/aa/anaconda3/envs/vawt_35/bin/../libexec/gcc/x86_64-conda_cos6-linux-gnu/7.5.0/liblto_plugin.so -plugin-opt=/home/aa/anaconda3/envs/vawt_35/bin/../libexec/gcc/x86_64-conda_cos6-linux-gnu/7.5.0/lto-wrapper -plugin-opt=-fresolution=/tmp/ccQtTtBC.res -plugin-opt=-pass-through=-lgcc -plugin-opt=-pass-through=-lgcc_s -plugin-opt=-pass-through=-lc -plugin-opt=-pass-through=-lgcc -plugin-opt=-pass-through=-lgcc_s --sysroot=/home/aa/anaconda3/envs/vawt_35/bin/../x86_64-conda_cos6-linux-gnu/sysroot --eh-frame-hdr -m elf_x86_64 -export-dynamic -dynamic-linker /lib64/ld-linux-x86-64.so.2 -pie -o cmTC_0edf3 /home/aa/anaconda3/envs/vawt_35/bin/../x86_64-conda_cos6-linux-gnu/sysroot/usr/lib/../lib/Scrt1.o /home/aa/anaconda3/envs/vawt_35/bin/../x86_64-conda_cos6-linux-gnu/sysroot/usr/lib/../lib/crti.o /home/aa/anaconda3/envs/vawt_35/bin/../lib/gcc/x86_64-conda_cos6-linux-gnu/7.5.0/crtbeginS.o -L/home/aa/anaconda3/envs/vawt_35/lib -L/home/aa/anaconda3/envs/vawt_35/bin/../lib/gcc/x86_64-conda_cos6-linux-gnu/7.5.0 -L/home/aa/anaconda3/envs/vawt_35/bin/../lib/gcc -L/home/aa/anaconda3/envs/vawt_35/bin/../lib/gcc/x86_64-conda_cos6-linux-gnu/7.5.0/../../../../x86_64-conda_cos6-linux-gnu/lib/../lib -L/home/aa/anaconda3/envs/vawt_35/bin/../x86_64-conda_cos6-linux-gnu/sysroot/lib/../lib -L/home/aa/anaconda3/envs/vawt_35/bin/../x86_64-conda_cos6-linux-gnu/sysroot/usr/lib/../lib -L/home/aa/anaconda3/envs/vawt_35/bin/../lib/gcc/x86_64-conda_cos6-linux-gnu/7.5.0/../../../../x86_64-conda_cos6-linux-gnu/lib -L/home/aa/anaconda3/envs/vawt_35/bin/../x86_64-conda_cos6-linux-gnu/sysroot/lib -L/home/aa/anaconda3/envs/vawt_35/bin/../x86_64-conda_cos6-linux-gnu/sysroot/usr/lib -rpath /home/aa/anaconda3/envs/vawt_35/lib -O2 --sort-common --as-needed -z relro -z now --disable-new-dtags --gc-sections -rpath /home/aa/anaconda3/envs/vawt_35/lib -rpath-link /home/aa/anaconda3/envs/vawt_35/lib CMakeFiles/cmTC_0edf3.dir/CMakeCCompilerABI.c.o -lgcc --as-needed -lgcc_s --no-as-needed -lc -lgcc --as-needed -lgcc_s --no-as-needed /home/aa/anaconda3/envs/vawt_35/bin/../lib/gcc/x86_64-conda_cos6-linux-gnu/7.5.0/crtendS.o /home/aa/anaconda3/envs/vawt_35/bin/../x86_64-conda_cos6-linux-gnu/sysroot/usr/lib/../lib/crtn.o]
    arg [/home/aa/anaconda3/envs/vawt_35/bin/../libexec/gcc/x86_64-conda_cos6-linux-gnu/7.5.0/collect2] ==> ignore
    arg [-plugin] ==> ignore
    arg [/home/aa/anaconda3/envs/vawt_35/bin/../libexec/gcc/x86_64-conda_cos6-linux-gnu/7.5.0/liblto_plugin.so] ==> ignore
    arg [-plugin-opt=/home/aa/anaconda3/envs/vawt_35/bin/../libexec/gcc/x86_64-conda_cos6-linux-gnu/7.5.0/lto-wrapper] ==> ignore
    arg [-plugin-opt=-fresolution=/tmp/ccQtTtBC.res] ==> ignore
    arg [-plugin-opt=-pass-through=-lgcc] ==> ignore
    arg [-plugin-opt=-pass-through=-lgcc_s] ==> ignore
    arg [-plugin-opt=-pass-through=-lc] ==> ignore
    arg [-plugin-opt=-pass-through=-lgcc] ==> ignore
    arg [-plugin-opt=-pass-through=-lgcc_s] ==> ignore
    arg [--sysroot=/home/aa/anaconda3/envs/vawt_35/bin/../x86_64-conda_cos6-linux-gnu/sysroot] ==> ignore
    arg [--eh-frame-hdr] ==> ignore
    arg [-m] ==> ignore
    arg [elf_x86_64] ==> ignore
    arg [-export-dynamic] ==> ignore
    arg [-dynamic-linker] ==> ignore
    arg [/lib64/ld-linux-x86-64.so.2] ==> ignore
    arg [-pie] ==> ignore
    arg [-o] ==> ignore
    arg [cmTC_0edf3] ==> ignore
    arg [/home/aa/anaconda3/envs/vawt_35/bin/../x86_64-conda_cos6-linux-gnu/sysroot/usr/lib/../lib/Scrt1.o] ==> ignore
    arg [/home/aa/anaconda3/envs/vawt_35/bin/../x86_64-conda_cos6-linux-gnu/sysroot/usr/lib/../lib/crti.o] ==> ignore
    arg [/home/aa/anaconda3/envs/vawt_35/bin/../lib/gcc/x86_64-conda_cos6-linux-gnu/7.5.0/crtbeginS.o] ==> ignore
    arg [-L/home/aa/anaconda3/envs/vawt_35/lib] ==> dir [/home/aa/anaconda3/envs/vawt_35/lib]
    arg [-L/home/aa/anaconda3/envs/vawt_35/bin/../lib/gcc/x86_64-conda_cos6-linux-gnu/7.5.0] ==> dir [/home/aa/anaconda3/envs/vawt_35/bin/../lib/gcc/x86_64-conda_cos6-linux-gnu/7.5.0]
    arg [-L/home/aa/anaconda3/envs/vawt_35/bin/../lib/gcc] ==> dir [/home/aa/anaconda3/envs/vawt_35/bin/../lib/gcc]
    arg [-L/home/aa/anaconda3/envs/vawt_35/bin/../lib/gcc/x86_64-conda_cos6-linux-gnu/7.5.0/../../../../x86_64-conda_cos6-linux-gnu/lib/../lib] ==> dir [/home/aa/anaconda3/envs/vawt_35/bin/../lib/gcc/x86_64-conda_cos6-linux-gnu/7.5.0/../../../../x86_64-conda_cos6-linux-gnu/lib/../lib]
    arg [-L/home/aa/anaconda3/envs/vawt_35/bin/../x86_64-conda_cos6-linux-gnu/sysroot/lib/../lib] ==> dir [/home/aa/anaconda3/envs/vawt_35/bin/../x86_64-conda_cos6-linux-gnu/sysroot/lib/../lib]
    arg [-L/home/aa/anaconda3/envs/vawt_35/bin/../x86_64-conda_cos6-linux-gnu/sysroot/usr/lib/../lib] ==> dir [/home/aa/anaconda3/envs/vawt_35/bin/../x86_64-conda_cos6-linux-gnu/sysroot/usr/lib/../lib]
    arg [-L/home/aa/anaconda3/envs/vawt_35/bin/../lib/gcc/x86_64-conda_cos6-linux-gnu/7.5.0/../../../../x86_64-conda_cos6-linux-gnu/lib] ==> dir [/home/aa/anaconda3/envs/vawt_35/bin/../lib/gcc/x86_64-conda_cos6-linux-gnu/7.5.0/../../../../x86_64-conda_cos6-linux-gnu/lib]
    arg [-L/home/aa/anaconda3/envs/vawt_35/bin/../x86_64-conda_cos6-linux-gnu/sysroot/lib] ==> dir [/home/aa/anaconda3/envs/vawt_35/bin/../x86_64-conda_cos6-linux-gnu/sysroot/lib]
    arg [-L/home/aa/anaconda3/envs/vawt_35/bin/../x86_64-conda_cos6-linux-gnu/sysroot/usr/lib] ==> dir [/home/aa/anaconda3/envs/vawt_35/bin/../x86_64-conda_cos6-linux-gnu/sysroot/usr/lib]
    arg [-rpath] ==> ignore
    arg [/home/aa/anaconda3/envs/vawt_35/lib] ==> ignore
    arg [-O2] ==> ignore
    arg [--sort-common] ==> ignore
    arg [--as-needed] ==> ignore
    arg [-zrelro] ==> ignore
    arg [-znow] ==> ignore
    arg [--disable-new-dtags] ==> ignore
    arg [--gc-sections] ==> ignore
    arg [-rpath] ==> ignore
    arg [/home/aa/anaconda3/envs/vawt_35/lib] ==> ignore
    arg [-rpath-link] ==> ignore
    arg [/home/aa/anaconda3/envs/vawt_35/lib] ==> ignore
    arg [CMakeFiles/cmTC_0edf3.dir/CMakeCCompilerABI.c.o] ==> ignore
    arg [-lgcc] ==> lib [gcc]
    arg [--as-needed] ==> ignore
    arg [-lgcc_s] ==> lib [gcc_s]
    arg [--no-as-needed] ==> ignore
    arg [-lc] ==> lib [c]
    arg [-lgcc] ==> lib [gcc]
    arg [--as-needed] ==> ignore
    arg [-lgcc_s] ==> lib [gcc_s]
    arg [--no-as-needed] ==> ignore
    arg [/home/aa/anaconda3/envs/vawt_35/bin/../lib/gcc/x86_64-conda_cos6-linux-gnu/7.5.0/crtendS.o] ==> ignore
    arg [/home/aa/anaconda3/envs/vawt_35/bin/../x86_64-conda_cos6-linux-gnu/sysroot/usr/lib/../lib/crtn.o] ==> ignore
  collapse library dir [/home/aa/anaconda3/envs/vawt_35/lib] ==> [/home/aa/anaconda3/envs/vawt_35/lib]
  collapse library dir [/home/aa/anaconda3/envs/vawt_35/bin/../lib/gcc/x86_64-conda_cos6-linux-gnu/7.5.0] ==> [/home/aa/anaconda3/envs/vawt_35/lib/gcc/x86_64-conda_cos6-linux-gnu/7.5.0]
  collapse library dir [/home/aa/anaconda3/envs/vawt_35/bin/../lib/gcc] ==> [/home/aa/anaconda3/envs/vawt_35/lib/gcc]
  collapse library dir [/home/aa/anaconda3/envs/vawt_35/bin/../lib/gcc/x86_64-conda_cos6-linux-gnu/7.5.0/../../../../x86_64-conda_cos6-linux-gnu/lib/../lib] ==> [/home/aa/anaconda3/envs/vawt_35/x86_64-conda_cos6-linux-gnu/lib]
  collapse library dir [/home/aa/anaconda3/envs/vawt_35/bin/../x86_64-conda_cos6-linux-gnu/sysroot/lib/../lib] ==> [/home/aa/anaconda3/envs/vawt_35/x86_64-conda_cos6-linux-gnu/sysroot/lib]
  collapse library dir [/home/aa/anaconda3/envs/vawt_35/bin/../x86_64-conda_cos6-linux-gnu/sysroot/usr/lib/../lib] ==> [/home/aa/anaconda3/envs/vawt_35/x86_64-conda_cos6-linux-gnu/sysroot/usr/lib]
  collapse library dir [/home/aa/anaconda3/envs/vawt_35/bin/../lib/gcc/x86_64-conda_cos6-linux-gnu/7.5.0/../../../../x86_64-conda_cos6-linux-gnu/lib] ==> [/home/aa/anaconda3/envs/vawt_35/x86_64-conda_cos6-linux-gnu/lib]
  collapse library dir [/home/aa/anaconda3/envs/vawt_35/bin/../x86_64-conda_cos6-linux-gnu/sysroot/lib] ==> [/home/aa/anaconda3/envs/vawt_35/x86_64-conda_cos6-linux-gnu/sysroot/lib]
  collapse library dir [/home/aa/anaconda3/envs/vawt_35/bin/../x86_64-conda_cos6-linux-gnu/sysroot/usr/lib] ==> [/home/aa/anaconda3/envs/vawt_35/x86_64-conda_cos6-linux-gnu/sysroot/usr/lib]
  implicit libs: [gcc;gcc_s;c;gcc;gcc_s]
  implicit dirs: [/home/aa/anaconda3/envs/vawt_35/lib;/home/aa/anaconda3/envs/vawt_35/lib/gcc/x86_64-conda_cos6-linux-gnu/7.5.0;/home/aa/anaconda3/envs/vawt_35/lib/gcc;/home/aa/anaconda3/envs/vawt_35/x86_64-conda_cos6-linux-gnu/lib;/home/aa/anaconda3/envs/vawt_35/x86_64-conda_cos6-linux-gnu/sysroot/lib;/home/aa/anaconda3/envs/vawt_35/x86_64-conda_cos6-linux-gnu/sysroot/usr/lib]
  implicit fwks: []


Determining if the CXX compiler works passed with the following output:
Change Dir: /home/aa/vawt_env/learn/trivia/CMakeFiles/CMakeTmp

Run Build Command(s):/usr/bin/make cmTC_0e2a2/fast && /usr/bin/make -f CMakeFiles/cmTC_0e2a2.dir/build.make CMakeFiles/cmTC_0e2a2.dir/build
make[1]: Entering directory '/home/aa/vawt_env/learn/trivia/CMakeFiles/CMakeTmp'
Building CXX object CMakeFiles/cmTC_0e2a2.dir/testCXXCompiler.cxx.o
/home/aa/anaconda3/envs/vawt_35/bin/x86_64-conda_cos6-linux-gnu-c++    -fvisibility-inlines-hidden -std=c++17 -fmessage-length=0 -march=nocona -mtune=haswell -ftree-vectorize -fPIC -fstack-protector-strong -fno-plt -O2 -ffunction-sections -pipe -isystem /home/aa/anaconda3/envs/vawt_35/include    -o CMakeFiles/cmTC_0e2a2.dir/testCXXCompiler.cxx.o -c /home/aa/vawt_env/learn/trivia/CMakeFiles/CMakeTmp/testCXXCompiler.cxx
Linking CXX executable cmTC_0e2a2
/home/aa/anaconda3/envs/vawt_35/bin/cmake -E cmake_link_script CMakeFiles/cmTC_0e2a2.dir/link.txt --verbose=1
/home/aa/anaconda3/envs/vawt_35/bin/x86_64-conda_cos6-linux-gnu-c++  -fvisibility-inlines-hidden -std=c++17 -fmessage-length=0 -march=nocona -mtune=haswell -ftree-vectorize -fPIC -fstack-protector-strong -fno-plt -O2 -ffunction-sections -pipe -isystem /home/aa/anaconda3/envs/vawt_35/include   -Wl,-O2 -Wl,--sort-common -Wl,--as-needed -Wl,-z,relro -Wl,-z,now -Wl,--disable-new-dtags -Wl,--gc-sections -Wl,-rpath,/home/aa/anaconda3/envs/vawt_35/lib -Wl,-rpath-link,/home/aa/anaconda3/envs/vawt_35/lib -L/home/aa/anaconda3/envs/vawt_35/lib  -rdynamic CMakeFiles/cmTC_0e2a2.dir/testCXXCompiler.cxx.o  -o cmTC_0e2a2 
make[1]: Leaving directory '/home/aa/vawt_env/learn/trivia/CMakeFiles/CMakeTmp'



Detecting CXX compiler ABI info compiled with the following output:
Change Dir: /home/aa/vawt_env/learn/trivia/CMakeFiles/CMakeTmp

Run Build Command(s):/usr/bin/make cmTC_ce8fe/fast && /usr/bin/make -f CMakeFiles/cmTC_ce8fe.dir/build.make CMakeFiles/cmTC_ce8fe.dir/build
make[1]: Entering directory '/home/aa/vawt_env/learn/trivia/CMakeFiles/CMakeTmp'
Building CXX object CMakeFiles/cmTC_ce8fe.dir/CMakeCXXCompilerABI.cpp.o
/home/aa/anaconda3/envs/vawt_35/bin/x86_64-conda_cos6-linux-gnu-c++    -fvisibility-inlines-hidden -std=c++17 -fmessage-length=0 -march=nocona -mtune=haswell -ftree-vectorize -fPIC -fstack-protector-strong -fno-plt -O2 -ffunction-sections -pipe -isystem /home/aa/anaconda3/envs/vawt_35/include    -v -o CMakeFiles/cmTC_ce8fe.dir/CMakeCXXCompilerABI.cpp.o -c /home/aa/anaconda3/envs/vawt_35/share/cmake-3.17/Modules/CMakeCXXCompilerABI.cpp
Reading specs from /home/aa/anaconda3/envs/vawt_35/bin/../lib/gcc/x86_64-conda_cos6-linux-gnu/7.5.0/specs
COLLECT_GCC=/home/aa/anaconda3/envs/vawt_35/bin/x86_64-conda_cos6-linux-gnu-c++
Target: x86_64-conda_cos6-linux-gnu
Configured with: /home/conda/feedstock_root/build_artifacts/ctng-compilers_1589464284303/work/.build/x86_64-conda_cos6-linux-gnu/src/gcc/configure --build=x86_64-build_pc-linux-gnu --host=x86_64-build_pc-linux-gnu --target=x86_64-conda_cos6-linux-gnu --prefix=/home/conda/feedstock_root/build_artifacts/ctng-compilers_1589464284303/work/gcc_built --with-sysroot=/home/conda/feedstock_root/build_artifacts/ctng-compilers_1589464284303/work/gcc_built/x86_64-conda_cos6-linux-gnu/sysroot --enable-languages=c,c++,fortran,objc,obj-c++ --with-pkgversion='crosstool-NG 1.24.0.123_1667d2b' --enable-__cxa_atexit --disable-libmudflap --enable-libgomp --disable-libssp --enable-libquadmath --enable-libquadmath-support --enable-libsanitizer --enable-libmpx --with-gmp=/home/conda/feedstock_root/build_artifacts/ctng-compilers_1589464284303/work/.build/x86_64-conda_cos6-linux-gnu/buildtools --with-mpfr=/home/conda/feedstock_root/build_artifacts/ctng-compilers_1589464284303/work/.build/x86_64-conda_cos6-linux-gnu/buildtools --with-mpc=/home/conda/feedstock_root/build_artifacts/ctng-compilers_1589464284303/work/.build/x86_64-conda_cos6-linux-gnu/buildtools --with-isl=/home/conda/feedstock_root/build_artifacts/ctng-compilers_1589464284303/work/.build/x86_64-conda_cos6-linux-gnu/buildtools --enable-lto --with-host-libstdcxx='-static-libgcc -Wl,-Bstatic,-lstdc++,-Bdynamic -lm' --enable-threads=posix --enable-target-optspace --enable-plugin --enable-gold --disable-nls --disable-multilib --with-local-prefix=/home/conda/feedstock_root/build_artifacts/ctng-compilers_1589464284303/work/gcc_built/x86_64-conda_cos6-linux-gnu/sysroot --enable-long-long --enable-default-pie
Thread model: posix
gcc version 7.5.0 (crosstool-NG 1.24.0.123_1667d2b) 
COLLECT_GCC_OPTIONS='-fvisibility-inlines-hidden' '-std=c++1z' '-fmessage-length=0' '-march=nocona' '-mtune=haswell' '-ftree-vectorize' '-fPIC' '-fstack-protector-strong' '-fno-plt' '-O2' '-ffunction-sections' '-pipe' '-isystem' '/home/aa/anaconda3/envs/vawt_35/include' '-v' '-o' 'CMakeFiles/cmTC_ce8fe.dir/CMakeCXXCompilerABI.cpp.o' '-c' '-shared-libgcc'
 /home/aa/anaconda3/envs/vawt_35/bin/../libexec/gcc/x86_64-conda_cos6-linux-gnu/7.5.0/cc1plus -quiet -v -iprefix /home/aa/anaconda3/envs/vawt_35/bin/../lib/gcc/x86_64-conda_cos6-linux-gnu/7.5.0/ -isysroot /home/aa/anaconda3/envs/vawt_35/bin/../x86_64-conda_cos6-linux-gnu/sysroot -D_GNU_SOURCE -isystem /home/aa/anaconda3/envs/vawt_35/include /home/aa/anaconda3/envs/vawt_35/share/cmake-3.17/Modules/CMakeCXXCompilerABI.cpp -quiet -dumpbase CMakeCXXCompilerABI.cpp -march=nocona -mtune=haswell -auxbase-strip CMakeFiles/cmTC_ce8fe.dir/CMakeCXXCompilerABI.cpp.o -O2 -std=c++1z -version -fvisibility-inlines-hidden -fmessage-length=0 -ftree-vectorize -fPIC -fstack-protector-strong -fno-plt -ffunction-sections -o - |
 /home/aa/anaconda3/envs/vawt_35/bin/../lib/gcc/x86_64-conda_cos6-linux-gnu/7.5.0/../../../../x86_64-conda_cos6-linux-gnu/bin/as -v --64 -o CMakeFiles/cmTC_ce8fe.dir/CMakeCXXCompilerABI.cpp.o
GNU assembler version 2.34 (x86_64-conda_cos6-linux-gnu) using BFD version (GNU Binutils) 2.34
GNU C++14 (crosstool-NG 1.24.0.123_1667d2b) version 7.5.0 (x86_64-conda_cos6-linux-gnu)
	compiled by GNU C version 4.4.7 20120313 (Red Hat 4.4.7-23), GMP version 6.2.0, MPFR version 4.0.2, MPC version 1.1.0, isl version isl-0.22-GMP

GGC heuristics: --param ggc-min-expand=100 --param ggc-min-heapsize=131072
ignoring duplicate directory "/home/aa/anaconda3/envs/vawt_35/bin/../lib/gcc/../../lib/gcc/x86_64-conda_cos6-linux-gnu/7.5.0/../../../../x86_64-conda_cos6-linux-gnu/include/c++/7.5.0"
ignoring duplicate directory "/home/aa/anaconda3/envs/vawt_35/bin/../lib/gcc/../../lib/gcc/x86_64-conda_cos6-linux-gnu/7.5.0/../../../../x86_64-conda_cos6-linux-gnu/include/c++/7.5.0/x86_64-conda_cos6-linux-gnu"
ignoring duplicate directory "/home/aa/anaconda3/envs/vawt_35/bin/../lib/gcc/../../lib/gcc/x86_64-conda_cos6-linux-gnu/7.5.0/../../../../x86_64-conda_cos6-linux-gnu/include/c++/7.5.0/backward"
ignoring duplicate directory "/home/aa/anaconda3/envs/vawt_35/bin/../lib/gcc/../../lib/gcc/x86_64-conda_cos6-linux-gnu/7.5.0/include"
ignoring nonexistent directory "/home/aa/anaconda3/envs/vawt_35/bin/../x86_64-conda_cos6-linux-gnu/sysroot/home/conda/feedstock_root/build_artifacts/ctng-compilers_1589464284303/work/gcc_built/x86_64-conda_cos6-linux-gnu/sysroot/include"
ignoring duplicate directory "/home/aa/anaconda3/envs/vawt_35/bin/../lib/gcc/../../lib/gcc/x86_64-conda_cos6-linux-gnu/7.5.0/include-fixed"
ignoring duplicate directory "/home/aa/anaconda3/envs/vawt_35/bin/../lib/gcc/../../lib/gcc/x86_64-conda_cos6-linux-gnu/7.5.0/../../../../x86_64-conda_cos6-linux-gnu/include"
#include "..." search starts here:
#include <...> search starts here:
 /home/aa/anaconda3/envs/vawt_35/include
 /home/aa/anaconda3/envs/vawt_35/bin/../lib/gcc/x86_64-conda_cos6-linux-gnu/7.5.0/../../../../x86_64-conda_cos6-linux-gnu/include/c++/7.5.0
 /home/aa/anaconda3/envs/vawt_35/bin/../lib/gcc/x86_64-conda_cos6-linux-gnu/7.5.0/../../../../x86_64-conda_cos6-linux-gnu/include/c++/7.5.0/x86_64-conda_cos6-linux-gnu
 /home/aa/anaconda3/envs/vawt_35/bin/../lib/gcc/x86_64-conda_cos6-linux-gnu/7.5.0/../../../../x86_64-conda_cos6-linux-gnu/include/c++/7.5.0/backward
 /home/aa/anaconda3/envs/vawt_35/bin/../lib/gcc/x86_64-conda_cos6-linux-gnu/7.5.0/include
 /home/aa/anaconda3/envs/vawt_35/bin/../lib/gcc/x86_64-conda_cos6-linux-gnu/7.5.0/include-fixed
 /home/aa/anaconda3/envs/vawt_35/bin/../lib/gcc/x86_64-conda_cos6-linux-gnu/7.5.0/../../../../x86_64-conda_cos6-linux-gnu/include
 /home/aa/anaconda3/envs/vawt_35/bin/../x86_64-conda_cos6-linux-gnu/sysroot/usr/include
End of search list.
GNU C++14 (crosstool-NG 1.24.0.123_1667d2b) version 7.5.0 (x86_64-conda_cos6-linux-gnu)
	compiled by GNU C version 4.4.7 20120313 (Red Hat 4.4.7-23), GMP version 6.2.0, MPFR version 4.0.2, MPC version 1.1.0, isl version isl-0.22-GMP

GGC heuristics: --param ggc-min-expand=100 --param ggc-min-heapsize=131072
Compiler executable checksum: 665e452a964e870482777b1742330dc0
COMPILER_PATH=/home/aa/anaconda3/envs/vawt_35/bin/../libexec/gcc/x86_64-conda_cos6-linux-gnu/7.5.0/:/home/aa/anaconda3/envs/vawt_35/bin/../libexec/gcc/:/home/aa/anaconda3/envs/vawt_35/bin/../lib/gcc/x86_64-conda_cos6-linux-gnu/7.5.0/../../../../x86_64-conda_cos6-linux-gnu/bin/
LIBRARY_PATH=/home/aa/anaconda3/envs/vawt_35/bin/../lib/gcc/x86_64-conda_cos6-linux-gnu/7.5.0/:/home/aa/anaconda3/envs/vawt_35/bin/../lib/gcc/:/home/aa/anaconda3/envs/vawt_35/bin/../lib/gcc/x86_64-conda_cos6-linux-gnu/7.5.0/../../../../x86_64-conda_cos6-linux-gnu/lib/../lib/:/home/aa/anaconda3/envs/vawt_35/bin/../x86_64-conda_cos6-linux-gnu/sysroot/lib/../lib/:/home/aa/anaconda3/envs/vawt_35/bin/../x86_64-conda_cos6-linux-gnu/sysroot/usr/lib/../lib/:/home/aa/anaconda3/envs/vawt_35/bin/../lib/gcc/x86_64-conda_cos6-linux-gnu/7.5.0/../../../../x86_64-conda_cos6-linux-gnu/lib/:/home/aa/anaconda3/envs/vawt_35/bin/../x86_64-conda_cos6-linux-gnu/sysroot/lib/:/home/aa/anaconda3/envs/vawt_35/bin/../x86_64-conda_cos6-linux-gnu/sysroot/usr/lib/
COLLECT_GCC_OPTIONS='-fvisibility-inlines-hidden' '-std=c++1z' '-fmessage-length=0' '-march=nocona' '-mtune=haswell' '-ftree-vectorize' '-fPIC' '-fstack-protector-strong' '-fno-plt' '-O2' '-ffunction-sections' '-pipe' '-isystem' '/home/aa/anaconda3/envs/vawt_35/include' '-v' '-o' 'CMakeFiles/cmTC_ce8fe.dir/CMakeCXXCompilerABI.cpp.o' '-c' '-shared-libgcc'
Linking CXX executable cmTC_ce8fe
/home/aa/anaconda3/envs/vawt_35/bin/cmake -E cmake_link_script CMakeFiles/cmTC_ce8fe.dir/link.txt --verbose=1
/home/aa/anaconda3/envs/vawt_35/bin/x86_64-conda_cos6-linux-gnu-c++  -fvisibility-inlines-hidden -std=c++17 -fmessage-length=0 -march=nocona -mtune=haswell -ftree-vectorize -fPIC -fstack-protector-strong -fno-plt -O2 -ffunction-sections -pipe -isystem /home/aa/anaconda3/envs/vawt_35/include   -Wl,-O2 -Wl,--sort-common -Wl,--as-needed -Wl,-z,relro -Wl,-z,now -Wl,--disable-new-dtags -Wl,--gc-sections -Wl,-rpath,/home/aa/anaconda3/envs/vawt_35/lib -Wl,-rpath-link,/home/aa/anaconda3/envs/vawt_35/lib -L/home/aa/anaconda3/envs/vawt_35/lib -v -rdynamic CMakeFiles/cmTC_ce8fe.dir/CMakeCXXCompilerABI.cpp.o  -o cmTC_ce8fe 
Reading specs from /home/aa/anaconda3/envs/vawt_35/bin/../lib/gcc/x86_64-conda_cos6-linux-gnu/7.5.0/specs
COLLECT_GCC=/home/aa/anaconda3/envs/vawt_35/bin/x86_64-conda_cos6-linux-gnu-c++
COLLECT_LTO_WRAPPER=/home/aa/anaconda3/envs/vawt_35/bin/../libexec/gcc/x86_64-conda_cos6-linux-gnu/7.5.0/lto-wrapper
Target: x86_64-conda_cos6-linux-gnu
Configured with: /home/conda/feedstock_root/build_artifacts/ctng-compilers_1589464284303/work/.build/x86_64-conda_cos6-linux-gnu/src/gcc/configure --build=x86_64-build_pc-linux-gnu --host=x86_64-build_pc-linux-gnu --target=x86_64-conda_cos6-linux-gnu --prefix=/home/conda/feedstock_root/build_artifacts/ctng-compilers_1589464284303/work/gcc_built --with-sysroot=/home/conda/feedstock_root/build_artifacts/ctng-compilers_1589464284303/work/gcc_built/x86_64-conda_cos6-linux-gnu/sysroot --enable-languages=c,c++,fortran,objc,obj-c++ --with-pkgversion='crosstool-NG 1.24.0.123_1667d2b' --enable-__cxa_atexit --disable-libmudflap --enable-libgomp --disable-libssp --enable-libquadmath --enable-libquadmath-support --enable-libsanitizer --enable-libmpx --with-gmp=/home/conda/feedstock_root/build_artifacts/ctng-compilers_1589464284303/work/.build/x86_64-conda_cos6-linux-gnu/buildtools --with-mpfr=/home/conda/feedstock_root/build_artifacts/ctng-compilers_1589464284303/work/.build/x86_64-conda_cos6-linux-gnu/buildtools --with-mpc=/home/conda/feedstock_root/build_artifacts/ctng-compilers_1589464284303/work/.build/x86_64-conda_cos6-linux-gnu/buildtools --with-isl=/home/conda/feedstock_root/build_artifacts/ctng-compilers_1589464284303/work/.build/x86_64-conda_cos6-linux-gnu/buildtools --enable-lto --with-host-libstdcxx='-static-libgcc -Wl,-Bstatic,-lstdc++,-Bdynamic -lm' --enable-threads=posix --enable-target-optspace --enable-plugin --enable-gold --disable-nls --disable-multilib --with-local-prefix=/home/conda/feedstock_root/build_artifacts/ctng-compilers_1589464284303/work/gcc_built/x86_64-conda_cos6-linux-gnu/sysroot --enable-long-long --enable-default-pie
Thread model: posix
gcc version 7.5.0 (crosstool-NG 1.24.0.123_1667d2b) 
COMPILER_PATH=/home/aa/anaconda3/envs/vawt_35/bin/../libexec/gcc/x86_64-conda_cos6-linux-gnu/7.5.0/:/home/aa/anaconda3/envs/vawt_35/bin/../libexec/gcc/:/home/aa/anaconda3/envs/vawt_35/bin/../lib/gcc/x86_64-conda_cos6-linux-gnu/7.5.0/../../../../x86_64-conda_cos6-linux-gnu/bin/
LIBRARY_PATH=/home/aa/anaconda3/envs/vawt_35/bin/../lib/gcc/x86_64-conda_cos6-linux-gnu/7.5.0/:/home/aa/anaconda3/envs/vawt_35/bin/../lib/gcc/:/home/aa/anaconda3/envs/vawt_35/bin/../lib/gcc/x86_64-conda_cos6-linux-gnu/7.5.0/../../../../x86_64-conda_cos6-linux-gnu/lib/../lib/:/home/aa/anaconda3/envs/vawt_35/bin/../x86_64-conda_cos6-linux-gnu/sysroot/lib/../lib/:/home/aa/anaconda3/envs/vawt_35/bin/../x86_64-conda_cos6-linux-gnu/sysroot/usr/lib/../lib/:/home/aa/anaconda3/envs/vawt_35/bin/../lib/gcc/x86_64-conda_cos6-linux-gnu/7.5.0/../../../../x86_64-conda_cos6-linux-gnu/lib/:/home/aa/anaconda3/envs/vawt_35/bin/../x86_64-conda_cos6-linux-gnu/sysroot/lib/:/home/aa/anaconda3/envs/vawt_35/bin/../x86_64-conda_cos6-linux-gnu/sysroot/usr/lib/
COLLECT_GCC_OPTIONS='-fvisibility-inlines-hidden' '-std=c++1z' '-fmessage-length=0' '-march=nocona' '-mtune=haswell' '-ftree-vectorize' '-fPIC' '-fstack-protector-strong' '-fno-plt' '-O2' '-ffunction-sections' '-pipe' '-isystem' '/home/aa/anaconda3/envs/vawt_35/include' '-L/home/aa/anaconda3/envs/vawt_35/lib' '-v' '-rdynamic' '-o' 'cmTC_ce8fe' '-shared-libgcc'
 /home/aa/anaconda3/envs/vawt_35/bin/../libexec/gcc/x86_64-conda_cos6-linux-gnu/7.5.0/collect2 -plugin /home/aa/anaconda3/envs/vawt_35/bin/../libexec/gcc/x86_64-conda_cos6-linux-gnu/7.5.0/liblto_plugin.so -plugin-opt=/home/aa/anaconda3/envs/vawt_35/bin/../libexec/gcc/x86_64-conda_cos6-linux-gnu/7.5.0/lto-wrapper -plugin-opt=-fresolution=/tmp/ccZjc1nB.res -plugin-opt=-pass-through=-lgcc_s -plugin-opt=-pass-through=-lgcc -plugin-opt=-pass-through=-lc -plugin-opt=-pass-through=-lgcc_s -plugin-opt=-pass-through=-lgcc --sysroot=/home/aa/anaconda3/envs/vawt_35/bin/../x86_64-conda_cos6-linux-gnu/sysroot --eh-frame-hdr -m elf_x86_64 -export-dynamic -dynamic-linker /lib64/ld-linux-x86-64.so.2 -pie -o cmTC_ce8fe /home/aa/anaconda3/envs/vawt_35/bin/../x86_64-conda_cos6-linux-gnu/sysroot/usr/lib/../lib/Scrt1.o /home/aa/anaconda3/envs/vawt_35/bin/../x86_64-conda_cos6-linux-gnu/sysroot/usr/lib/../lib/crti.o /home/aa/anaconda3/envs/vawt_35/bin/../lib/gcc/x86_64-conda_cos6-linux-gnu/7.5.0/crtbeginS.o -L/home/aa/anaconda3/envs/vawt_35/lib -L/home/aa/anaconda3/envs/vawt_35/bin/../lib/gcc/x86_64-conda_cos6-linux-gnu/7.5.0 -L/home/aa/anaconda3/envs/vawt_35/bin/../lib/gcc -L/home/aa/anaconda3/envs/vawt_35/bin/../lib/gcc/x86_64-conda_cos6-linux-gnu/7.5.0/../../../../x86_64-conda_cos6-linux-gnu/lib/../lib -L/home/aa/anaconda3/envs/vawt_35/bin/../x86_64-conda_cos6-linux-gnu/sysroot/lib/../lib -L/home/aa/anaconda3/envs/vawt_35/bin/../x86_64-conda_cos6-linux-gnu/sysroot/usr/lib/../lib -L/home/aa/anaconda3/envs/vawt_35/bin/../lib/gcc/x86_64-conda_cos6-linux-gnu/7.5.0/../../../../x86_64-conda_cos6-linux-gnu/lib -L/home/aa/anaconda3/envs/vawt_35/bin/../x86_64-conda_cos6-linux-gnu/sysroot/lib -L/home/aa/anaconda3/envs/vawt_35/bin/../x86_64-conda_cos6-linux-gnu/sysroot/usr/lib -rpath /home/aa/anaconda3/envs/vawt_35/lib -O2 --sort-common --as-needed -z relro -z now --disable-new-dtags --gc-sections -rpath /home/aa/anaconda3/envs/vawt_35/lib -rpath-link /home/aa/anaconda3/envs/vawt_35/lib CMakeFiles/cmTC_ce8fe.dir/CMakeCXXCompilerABI.cpp.o -lstdc++ -lm -lgcc_s -lgcc -lc -lgcc_s -lgcc /home/aa/anaconda3/envs/vawt_35/bin/../lib/gcc/x86_64-conda_cos6-linux-gnu/7.5.0/crtendS.o /home/aa/anaconda3/envs/vawt_35/bin/../x86_64-conda_cos6-linux-gnu/sysroot/usr/lib/../lib/crtn.o
COLLECT_GCC_OPTIONS='-fvisibility-inlines-hidden' '-std=c++1z' '-fmessage-length=0' '-march=nocona' '-mtune=haswell' '-ftree-vectorize' '-fPIC' '-fstack-protector-strong' '-fno-plt' '-O2' '-ffunction-sections' '-pipe' '-isystem' '/home/aa/anaconda3/envs/vawt_35/include' '-L/home/aa/anaconda3/envs/vawt_35/lib' '-v' '-rdynamic' '-o' 'cmTC_ce8fe' '-shared-libgcc'
make[1]: Leaving directory '/home/aa/vawt_env/learn/trivia/CMakeFiles/CMakeTmp'



Parsed CXX implicit include dir info from above output: rv=done
  found start of include info
  found start of implicit include info
    add: [/home/aa/anaconda3/envs/vawt_35/include]
    add: [/home/aa/anaconda3/envs/vawt_35/bin/../lib/gcc/x86_64-conda_cos6-linux-gnu/7.5.0/../../../../x86_64-conda_cos6-linux-gnu/include/c++/7.5.0]
    add: [/home/aa/anaconda3/envs/vawt_35/bin/../lib/gcc/x86_64-conda_cos6-linux-gnu/7.5.0/../../../../x86_64-conda_cos6-linux-gnu/include/c++/7.5.0/x86_64-conda_cos6-linux-gnu]
    add: [/home/aa/anaconda3/envs/vawt_35/bin/../lib/gcc/x86_64-conda_cos6-linux-gnu/7.5.0/../../../../x86_64-conda_cos6-linux-gnu/include/c++/7.5.0/backward]
    add: [/home/aa/anaconda3/envs/vawt_35/bin/../lib/gcc/x86_64-conda_cos6-linux-gnu/7.5.0/include]
    add: [/home/aa/anaconda3/envs/vawt_35/bin/../lib/gcc/x86_64-conda_cos6-linux-gnu/7.5.0/include-fixed]
    add: [/home/aa/anaconda3/envs/vawt_35/bin/../lib/gcc/x86_64-conda_cos6-linux-gnu/7.5.0/../../../../x86_64-conda_cos6-linux-gnu/include]
    add: [/home/aa/anaconda3/envs/vawt_35/bin/../x86_64-conda_cos6-linux-gnu/sysroot/usr/include]
  end of search list found
  collapse include dir [/home/aa/anaconda3/envs/vawt_35/include] ==> [/home/aa/anaconda3/envs/vawt_35/include]
  collapse include dir [/home/aa/anaconda3/envs/vawt_35/bin/../lib/gcc/x86_64-conda_cos6-linux-gnu/7.5.0/../../../../x86_64-conda_cos6-linux-gnu/include/c++/7.5.0] ==> [/home/aa/anaconda3/envs/vawt_35/x86_64-conda_cos6-linux-gnu/include/c++/7.5.0]
  collapse include dir [/home/aa/anaconda3/envs/vawt_35/bin/../lib/gcc/x86_64-conda_cos6-linux-gnu/7.5.0/../../../../x86_64-conda_cos6-linux-gnu/include/c++/7.5.0/x86_64-conda_cos6-linux-gnu] ==> [/home/aa/anaconda3/envs/vawt_35/x86_64-conda_cos6-linux-gnu/include/c++/7.5.0/x86_64-conda_cos6-linux-gnu]
  collapse include dir [/home/aa/anaconda3/envs/vawt_35/bin/../lib/gcc/x86_64-conda_cos6-linux-gnu/7.5.0/../../../../x86_64-conda_cos6-linux-gnu/include/c++/7.5.0/backward] ==> [/home/aa/anaconda3/envs/vawt_35/x86_64-conda_cos6-linux-gnu/include/c++/7.5.0/backward]
  collapse include dir [/home/aa/anaconda3/envs/vawt_35/bin/../lib/gcc/x86_64-conda_cos6-linux-gnu/7.5.0/include] ==> [/home/aa/anaconda3/envs/vawt_35/lib/gcc/x86_64-conda_cos6-linux-gnu/7.5.0/include]
  collapse include dir [/home/aa/anaconda3/envs/vawt_35/bin/../lib/gcc/x86_64-conda_cos6-linux-gnu/7.5.0/include-fixed] ==> [/home/aa/anaconda3/envs/vawt_35/lib/gcc/x86_64-conda_cos6-linux-gnu/7.5.0/include-fixed]
  collapse include dir [/home/aa/anaconda3/envs/vawt_35/bin/../lib/gcc/x86_64-conda_cos6-linux-gnu/7.5.0/../../../../x86_64-conda_cos6-linux-gnu/include] ==> [/home/aa/anaconda3/envs/vawt_35/x86_64-conda_cos6-linux-gnu/include]
  collapse include dir [/home/aa/anaconda3/envs/vawt_35/bin/../x86_64-conda_cos6-linux-gnu/sysroot/usr/include] ==> [/home/aa/anaconda3/envs/vawt_35/x86_64-conda_cos6-linux-gnu/sysroot/usr/include]
  implicit include dirs: [/home/aa/anaconda3/envs/vawt_35/include;/home/aa/anaconda3/envs/vawt_35/x86_64-conda_cos6-linux-gnu/include/c++/7.5.0;/home/aa/anaconda3/envs/vawt_35/x86_64-conda_cos6-linux-gnu/include/c++/7.5.0/x86_64-conda_cos6-linux-gnu;/home/aa/anaconda3/envs/vawt_35/x86_64-conda_cos6-linux-gnu/include/c++/7.5.0/backward;/home/aa/anaconda3/envs/vawt_35/lib/gcc/x86_64-conda_cos6-linux-gnu/7.5.0/include;/home/aa/anaconda3/envs/vawt_35/lib/gcc/x86_64-conda_cos6-linux-gnu/7.5.0/include-fixed;/home/aa/anaconda3/envs/vawt_35/x86_64-conda_cos6-linux-gnu/include;/home/aa/anaconda3/envs/vawt_35/x86_64-conda_cos6-linux-gnu/sysroot/usr/include]


Parsed CXX implicit link information from above output:
  link line regex: [^( *|.*[/\])(ld|CMAKE_LINK_STARTFILE-NOTFOUND|([^/\]+-)?ld|collect2)[^/\]*( |$)]
  ignore line: [Change Dir: /home/aa/vawt_env/learn/trivia/CMakeFiles/CMakeTmp]
  ignore line: []
  ignore line: [Run Build Command(s):/usr/bin/make cmTC_ce8fe/fast && /usr/bin/make -f CMakeFiles/cmTC_ce8fe.dir/build.make CMakeFiles/cmTC_ce8fe.dir/build]
  ignore line: [make[1]: Entering directory '/home/aa/vawt_env/learn/trivia/CMakeFiles/CMakeTmp']
  ignore line: [Building CXX object CMakeFiles/cmTC_ce8fe.dir/CMakeCXXCompilerABI.cpp.o]
  ignore line: [/home/aa/anaconda3/envs/vawt_35/bin/x86_64-conda_cos6-linux-gnu-c++    -fvisibility-inlines-hidden -std=c++17 -fmessage-length=0 -march=nocona -mtune=haswell -ftree-vectorize -fPIC -fstack-protector-strong -fno-plt -O2 -ffunction-sections -pipe -isystem /home/aa/anaconda3/envs/vawt_35/include    -v -o CMakeFiles/cmTC_ce8fe.dir/CMakeCXXCompilerABI.cpp.o -c /home/aa/anaconda3/envs/vawt_35/share/cmake-3.17/Modules/CMakeCXXCompilerABI.cpp]
  ignore line: [Reading specs from /home/aa/anaconda3/envs/vawt_35/bin/../lib/gcc/x86_64-conda_cos6-linux-gnu/7.5.0/specs]
  ignore line: [COLLECT_GCC=/home/aa/anaconda3/envs/vawt_35/bin/x86_64-conda_cos6-linux-gnu-c++]
  ignore line: [Target: x86_64-conda_cos6-linux-gnu]
  ignore line: [Configured with: /home/conda/feedstock_root/build_artifacts/ctng-compilers_1589464284303/work/.build/x86_64-conda_cos6-linux-gnu/src/gcc/configure --build=x86_64-build_pc-linux-gnu --host=x86_64-build_pc-linux-gnu --target=x86_64-conda_cos6-linux-gnu --prefix=/home/conda/feedstock_root/build_artifacts/ctng-compilers_1589464284303/work/gcc_built --with-sysroot=/home/conda/feedstock_root/build_artifacts/ctng-compilers_1589464284303/work/gcc_built/x86_64-conda_cos6-linux-gnu/sysroot --enable-languages=c c++ fortran objc obj-c++ --with-pkgversion='crosstool-NG 1.24.0.123_1667d2b' --enable-__cxa_atexit --disable-libmudflap --enable-libgomp --disable-libssp --enable-libquadmath --enable-libquadmath-support --enable-libsanitizer --enable-libmpx --with-gmp=/home/conda/feedstock_root/build_artifacts/ctng-compilers_1589464284303/work/.build/x86_64-conda_cos6-linux-gnu/buildtools --with-mpfr=/home/conda/feedstock_root/build_artifacts/ctng-compilers_1589464284303/work/.build/x86_64-conda_cos6-linux-gnu/buildtools --with-mpc=/home/conda/feedstock_root/build_artifacts/ctng-compilers_1589464284303/work/.build/x86_64-conda_cos6-linux-gnu/buildtools --with-isl=/home/conda/feedstock_root/build_artifacts/ctng-compilers_1589464284303/work/.build/x86_64-conda_cos6-linux-gnu/buildtools --enable-lto --with-host-libstdcxx='-static-libgcc -Wl -Bstatic -lstdc++ -Bdynamic -lm' --enable-threads=posix --enable-target-optspace --enable-plugin --enable-gold --disable-nls --disable-multilib --with-local-prefix=/home/conda/feedstock_root/build_artifacts/ctng-compilers_1589464284303/work/gcc_built/x86_64-conda_cos6-linux-gnu/sysroot --enable-long-long --enable-default-pie]
  ignore line: [Thread model: posix]
  ignore line: [gcc version 7.5.0 (crosstool-NG 1.24.0.123_1667d2b) ]
  ignore line: [COLLECT_GCC_OPTIONS='-fvisibility-inlines-hidden' '-std=c++1z' '-fmessage-length=0' '-march=nocona' '-mtune=haswell' '-ftree-vectorize' '-fPIC' '-fstack-protector-strong' '-fno-plt' '-O2' '-ffunction-sections' '-pipe' '-isystem' '/home/aa/anaconda3/envs/vawt_35/include' '-v' '-o' 'CMakeFiles/cmTC_ce8fe.dir/CMakeCXXCompilerABI.cpp.o' '-c' '-shared-libgcc']
  ignore line: [ /home/aa/anaconda3/envs/vawt_35/bin/../libexec/gcc/x86_64-conda_cos6-linux-gnu/7.5.0/cc1plus -quiet -v -iprefix /home/aa/anaconda3/envs/vawt_35/bin/../lib/gcc/x86_64-conda_cos6-linux-gnu/7.5.0/ -isysroot /home/aa/anaconda3/envs/vawt_35/bin/../x86_64-conda_cos6-linux-gnu/sysroot -D_GNU_SOURCE -isystem /home/aa/anaconda3/envs/vawt_35/include /home/aa/anaconda3/envs/vawt_35/share/cmake-3.17/Modules/CMakeCXXCompilerABI.cpp -quiet -dumpbase CMakeCXXCompilerABI.cpp -march=nocona -mtune=haswell -auxbase-strip CMakeFiles/cmTC_ce8fe.dir/CMakeCXXCompilerABI.cpp.o -O2 -std=c++1z -version -fvisibility-inlines-hidden -fmessage-length=0 -ftree-vectorize -fPIC -fstack-protector-strong -fno-plt -ffunction-sections -o - |]
  ignore line: [ /home/aa/anaconda3/envs/vawt_35/bin/../lib/gcc/x86_64-conda_cos6-linux-gnu/7.5.0/../../../../x86_64-conda_cos6-linux-gnu/bin/as -v --64 -o CMakeFiles/cmTC_ce8fe.dir/CMakeCXXCompilerABI.cpp.o]
  ignore line: [GNU assembler version 2.34 (x86_64-conda_cos6-linux-gnu) using BFD version (GNU Binutils) 2.34]
  ignore line: [GNU C++14 (crosstool-NG 1.24.0.123_1667d2b) version 7.5.0 (x86_64-conda_cos6-linux-gnu)]
  ignore line: [	compiled by GNU C version 4.4.7 20120313 (Red Hat 4.4.7-23)  GMP version 6.2.0  MPFR version 4.0.2  MPC version 1.1.0  isl version isl-0.22-GMP]
  ignore line: []
  ignore line: [GGC heuristics: --param ggc-min-expand=100 --param ggc-min-heapsize=131072]
  ignore line: [ignoring duplicate directory "/home/aa/anaconda3/envs/vawt_35/bin/../lib/gcc/../../lib/gcc/x86_64-conda_cos6-linux-gnu/7.5.0/../../../../x86_64-conda_cos6-linux-gnu/include/c++/7.5.0"]
  ignore line: [ignoring duplicate directory "/home/aa/anaconda3/envs/vawt_35/bin/../lib/gcc/../../lib/gcc/x86_64-conda_cos6-linux-gnu/7.5.0/../../../../x86_64-conda_cos6-linux-gnu/include/c++/7.5.0/x86_64-conda_cos6-linux-gnu"]
  ignore line: [ignoring duplicate directory "/home/aa/anaconda3/envs/vawt_35/bin/../lib/gcc/../../lib/gcc/x86_64-conda_cos6-linux-gnu/7.5.0/../../../../x86_64-conda_cos6-linux-gnu/include/c++/7.5.0/backward"]
  ignore line: [ignoring duplicate directory "/home/aa/anaconda3/envs/vawt_35/bin/../lib/gcc/../../lib/gcc/x86_64-conda_cos6-linux-gnu/7.5.0/include"]
  ignore line: [ignoring nonexistent directory "/home/aa/anaconda3/envs/vawt_35/bin/../x86_64-conda_cos6-linux-gnu/sysroot/home/conda/feedstock_root/build_artifacts/ctng-compilers_1589464284303/work/gcc_built/x86_64-conda_cos6-linux-gnu/sysroot/include"]
  ignore line: [ignoring duplicate directory "/home/aa/anaconda3/envs/vawt_35/bin/../lib/gcc/../../lib/gcc/x86_64-conda_cos6-linux-gnu/7.5.0/include-fixed"]
  ignore line: [ignoring duplicate directory "/home/aa/anaconda3/envs/vawt_35/bin/../lib/gcc/../../lib/gcc/x86_64-conda_cos6-linux-gnu/7.5.0/../../../../x86_64-conda_cos6-linux-gnu/include"]
  ignore line: [#include "..." search starts here:]
  ignore line: [#include <...> search starts here:]
  ignore line: [ /home/aa/anaconda3/envs/vawt_35/include]
  ignore line: [ /home/aa/anaconda3/envs/vawt_35/bin/../lib/gcc/x86_64-conda_cos6-linux-gnu/7.5.0/../../../../x86_64-conda_cos6-linux-gnu/include/c++/7.5.0]
  ignore line: [ /home/aa/anaconda3/envs/vawt_35/bin/../lib/gcc/x86_64-conda_cos6-linux-gnu/7.5.0/../../../../x86_64-conda_cos6-linux-gnu/include/c++/7.5.0/x86_64-conda_cos6-linux-gnu]
  ignore line: [ /home/aa/anaconda3/envs/vawt_35/bin/../lib/gcc/x86_64-conda_cos6-linux-gnu/7.5.0/../../../../x86_64-conda_cos6-linux-gnu/include/c++/7.5.0/backward]
  ignore line: [ /home/aa/anaconda3/envs/vawt_35/bin/../lib/gcc/x86_64-conda_cos6-linux-gnu/7.5.0/include]
  ignore line: [ /home/aa/anaconda3/envs/vawt_35/bin/../lib/gcc/x86_64-conda_cos6-linux-gnu/7.5.0/include-fixed]
  ignore line: [ /home/aa/anaconda3/envs/vawt_35/bin/../lib/gcc/x86_64-conda_cos6-linux-gnu/7.5.0/../../../../x86_64-conda_cos6-linux-gnu/include]
  ignore line: [ /home/aa/anaconda3/envs/vawt_35/bin/../x86_64-conda_cos6-linux-gnu/sysroot/usr/include]
  ignore line: [End of search list.]
  ignore line: [GNU C++14 (crosstool-NG 1.24.0.123_1667d2b) version 7.5.0 (x86_64-conda_cos6-linux-gnu)]
  ignore line: [	compiled by GNU C version 4.4.7 20120313 (Red Hat 4.4.7-23)  GMP version 6.2.0  MPFR version 4.0.2  MPC version 1.1.0  isl version isl-0.22-GMP]
  ignore line: []
  ignore line: [GGC heuristics: --param ggc-min-expand=100 --param ggc-min-heapsize=131072]
  ignore line: [Compiler executable checksum: 665e452a964e870482777b1742330dc0]
  ignore line: [COMPILER_PATH=/home/aa/anaconda3/envs/vawt_35/bin/../libexec/gcc/x86_64-conda_cos6-linux-gnu/7.5.0/:/home/aa/anaconda3/envs/vawt_35/bin/../libexec/gcc/:/home/aa/anaconda3/envs/vawt_35/bin/../lib/gcc/x86_64-conda_cos6-linux-gnu/7.5.0/../../../../x86_64-conda_cos6-linux-gnu/bin/]
  ignore line: [LIBRARY_PATH=/home/aa/anaconda3/envs/vawt_35/bin/../lib/gcc/x86_64-conda_cos6-linux-gnu/7.5.0/:/home/aa/anaconda3/envs/vawt_35/bin/../lib/gcc/:/home/aa/anaconda3/envs/vawt_35/bin/../lib/gcc/x86_64-conda_cos6-linux-gnu/7.5.0/../../../../x86_64-conda_cos6-linux-gnu/lib/../lib/:/home/aa/anaconda3/envs/vawt_35/bin/../x86_64-conda_cos6-linux-gnu/sysroot/lib/../lib/:/home/aa/anaconda3/envs/vawt_35/bin/../x86_64-conda_cos6-linux-gnu/sysroot/usr/lib/../lib/:/home/aa/anaconda3/envs/vawt_35/bin/../lib/gcc/x86_64-conda_cos6-linux-gnu/7.5.0/../../../../x86_64-conda_cos6-linux-gnu/lib/:/home/aa/anaconda3/envs/vawt_35/bin/../x86_64-conda_cos6-linux-gnu/sysroot/lib/:/home/aa/anaconda3/envs/vawt_35/bin/../x86_64-conda_cos6-linux-gnu/sysroot/usr/lib/]
  ignore line: [COLLECT_GCC_OPTIONS='-fvisibility-inlines-hidden' '-std=c++1z' '-fmessage-length=0' '-march=nocona' '-mtune=haswell' '-ftree-vectorize' '-fPIC' '-fstack-protector-strong' '-fno-plt' '-O2' '-ffunction-sections' '-pipe' '-isystem' '/home/aa/anaconda3/envs/vawt_35/include' '-v' '-o' 'CMakeFiles/cmTC_ce8fe.dir/CMakeCXXCompilerABI.cpp.o' '-c' '-shared-libgcc']
  ignore line: [Linking CXX executable cmTC_ce8fe]
  ignore line: [/home/aa/anaconda3/envs/vawt_35/bin/cmake -E cmake_link_script CMakeFiles/cmTC_ce8fe.dir/link.txt --verbose=1]
  ignore line: [/home/aa/anaconda3/envs/vawt_35/bin/x86_64-conda_cos6-linux-gnu-c++  -fvisibility-inlines-hidden -std=c++17 -fmessage-length=0 -march=nocona -mtune=haswell -ftree-vectorize -fPIC -fstack-protector-strong -fno-plt -O2 -ffunction-sections -pipe -isystem /home/aa/anaconda3/envs/vawt_35/include   -Wl -O2 -Wl --sort-common -Wl --as-needed -Wl -z relro -Wl -z now -Wl --disable-new-dtags -Wl --gc-sections -Wl -rpath /home/aa/anaconda3/envs/vawt_35/lib -Wl -rpath-link /home/aa/anaconda3/envs/vawt_35/lib -L/home/aa/anaconda3/envs/vawt_35/lib -v -rdynamic CMakeFiles/cmTC_ce8fe.dir/CMakeCXXCompilerABI.cpp.o  -o cmTC_ce8fe ]
  ignore line: [Reading specs from /home/aa/anaconda3/envs/vawt_35/bin/../lib/gcc/x86_64-conda_cos6-linux-gnu/7.5.0/specs]
  ignore line: [COLLECT_GCC=/home/aa/anaconda3/envs/vawt_35/bin/x86_64-conda_cos6-linux-gnu-c++]
  ignore line: [COLLECT_LTO_WRAPPER=/home/aa/anaconda3/envs/vawt_35/bin/../libexec/gcc/x86_64-conda_cos6-linux-gnu/7.5.0/lto-wrapper]
  ignore line: [Target: x86_64-conda_cos6-linux-gnu]
  ignore line: [Configured with: /home/conda/feedstock_root/build_artifacts/ctng-compilers_1589464284303/work/.build/x86_64-conda_cos6-linux-gnu/src/gcc/configure --build=x86_64-build_pc-linux-gnu --host=x86_64-build_pc-linux-gnu --target=x86_64-conda_cos6-linux-gnu --prefix=/home/conda/feedstock_root/build_artifacts/ctng-compilers_1589464284303/work/gcc_built --with-sysroot=/home/conda/feedstock_root/build_artifacts/ctng-compilers_1589464284303/work/gcc_built/x86_64-conda_cos6-linux-gnu/sysroot --enable-languages=c c++ fortran objc obj-c++ --with-pkgversion='crosstool-NG 1.24.0.123_1667d2b' --enable-__cxa_atexit --disable-libmudflap --enable-libgomp --disable-libssp --enable-libquadmath --enable-libquadmath-support --enable-libsanitizer --enable-libmpx --with-gmp=/home/conda/feedstock_root/build_artifacts/ctng-compilers_1589464284303/work/.build/x86_64-conda_cos6-linux-gnu/buildtools --with-mpfr=/home/conda/feedstock_root/build_artifacts/ctng-compilers_1589464284303/work/.build/x86_64-conda_cos6-linux-gnu/buildtools --with-mpc=/home/conda/feedstock_root/build_artifacts/ctng-compilers_1589464284303/work/.build/x86_64-conda_cos6-linux-gnu/buildtools --with-isl=/home/conda/feedstock_root/build_artifacts/ctng-compilers_1589464284303/work/.build/x86_64-conda_cos6-linux-gnu/buildtools --enable-lto --with-host-libstdcxx='-static-libgcc -Wl -Bstatic -lstdc++ -Bdynamic -lm' --enable-threads=posix --enable-target-optspace --enable-plugin --enable-gold --disable-nls --disable-multilib --with-local-prefix=/home/conda/feedstock_root/build_artifacts/ctng-compilers_1589464284303/work/gcc_built/x86_64-conda_cos6-linux-gnu/sysroot --enable-long-long --enable-default-pie]
  ignore line: [Thread model: posix]
  ignore line: [gcc version 7.5.0 (crosstool-NG 1.24.0.123_1667d2b) ]
  ignore line: [COMPILER_PATH=/home/aa/anaconda3/envs/vawt_35/bin/../libexec/gcc/x86_64-conda_cos6-linux-gnu/7.5.0/:/home/aa/anaconda3/envs/vawt_35/bin/../libexec/gcc/:/home/aa/anaconda3/envs/vawt_35/bin/../lib/gcc/x86_64-conda_cos6-linux-gnu/7.5.0/../../../../x86_64-conda_cos6-linux-gnu/bin/]
  ignore line: [LIBRARY_PATH=/home/aa/anaconda3/envs/vawt_35/bin/../lib/gcc/x86_64-conda_cos6-linux-gnu/7.5.0/:/home/aa/anaconda3/envs/vawt_35/bin/../lib/gcc/:/home/aa/anaconda3/envs/vawt_35/bin/../lib/gcc/x86_64-conda_cos6-linux-gnu/7.5.0/../../../../x86_64-conda_cos6-linux-gnu/lib/../lib/:/home/aa/anaconda3/envs/vawt_35/bin/../x86_64-conda_cos6-linux-gnu/sysroot/lib/../lib/:/home/aa/anaconda3/envs/vawt_35/bin/../x86_64-conda_cos6-linux-gnu/sysroot/usr/lib/../lib/:/home/aa/anaconda3/envs/vawt_35/bin/../lib/gcc/x86_64-conda_cos6-linux-gnu/7.5.0/../../../../x86_64-conda_cos6-linux-gnu/lib/:/home/aa/anaconda3/envs/vawt_35/bin/../x86_64-conda_cos6-linux-gnu/sysroot/lib/:/home/aa/anaconda3/envs/vawt_35/bin/../x86_64-conda_cos6-linux-gnu/sysroot/usr/lib/]
  ignore line: [COLLECT_GCC_OPTIONS='-fvisibility-inlines-hidden' '-std=c++1z' '-fmessage-length=0' '-march=nocona' '-mtune=haswell' '-ftree-vectorize' '-fPIC' '-fstack-protector-strong' '-fno-plt' '-O2' '-ffunction-sections' '-pipe' '-isystem' '/home/aa/anaconda3/envs/vawt_35/include' '-L/home/aa/anaconda3/envs/vawt_35/lib' '-v' '-rdynamic' '-o' 'cmTC_ce8fe' '-shared-libgcc']
  link line: [ /home/aa/anaconda3/envs/vawt_35/bin/../libexec/gcc/x86_64-conda_cos6-linux-gnu/7.5.0/collect2 -plugin /home/aa/anaconda3/envs/vawt_35/bin/../libexec/gcc/x86_64-conda_cos6-linux-gnu/7.5.0/liblto_plugin.so -plugin-opt=/home/aa/anaconda3/envs/vawt_35/bin/../libexec/gcc/x86_64-conda_cos6-linux-gnu/7.5.0/lto-wrapper -plugin-opt=-fresolution=/tmp/ccZjc1nB.res -plugin-opt=-pass-through=-lgcc_s -plugin-opt=-pass-through=-lgcc -plugin-opt=-pass-through=-lc -plugin-opt=-pass-through=-lgcc_s -plugin-opt=-pass-through=-lgcc --sysroot=/home/aa/anaconda3/envs/vawt_35/bin/../x86_64-conda_cos6-linux-gnu/sysroot --eh-frame-hdr -m elf_x86_64 -export-dynamic -dynamic-linker /lib64/ld-linux-x86-64.so.2 -pie -o cmTC_ce8fe /home/aa/anaconda3/envs/vawt_35/bin/../x86_64-conda_cos6-linux-gnu/sysroot/usr/lib/../lib/Scrt1.o /home/aa/anaconda3/envs/vawt_35/bin/../x86_64-conda_cos6-linux-gnu/sysroot/usr/lib/../lib/crti.o /home/aa/anaconda3/envs/vawt_35/bin/../lib/gcc/x86_64-conda_cos6-linux-gnu/7.5.0/crtbeginS.o -L/home/aa/anaconda3/envs/vawt_35/lib -L/home/aa/anaconda3/envs/vawt_35/bin/../lib/gcc/x86_64-conda_cos6-linux-gnu/7.5.0 -L/home/aa/anaconda3/envs/vawt_35/bin/../lib/gcc -L/home/aa/anaconda3/envs/vawt_35/bin/../lib/gcc/x86_64-conda_cos6-linux-gnu/7.5.0/../../../../x86_64-conda_cos6-linux-gnu/lib/../lib -L/home/aa/anaconda3/envs/vawt_35/bin/../x86_64-conda_cos6-linux-gnu/sysroot/lib/../lib -L/home/aa/anaconda3/envs/vawt_35/bin/../x86_64-conda_cos6-linux-gnu/sysroot/usr/lib/../lib -L/home/aa/anaconda3/envs/vawt_35/bin/../lib/gcc/x86_64-conda_cos6-linux-gnu/7.5.0/../../../../x86_64-conda_cos6-linux-gnu/lib -L/home/aa/anaconda3/envs/vawt_35/bin/../x86_64-conda_cos6-linux-gnu/sysroot/lib -L/home/aa/anaconda3/envs/vawt_35/bin/../x86_64-conda_cos6-linux-gnu/sysroot/usr/lib -rpath /home/aa/anaconda3/envs/vawt_35/lib -O2 --sort-common --as-needed -z relro -z now --disable-new-dtags --gc-sections -rpath /home/aa/anaconda3/envs/vawt_35/lib -rpath-link /home/aa/anaconda3/envs/vawt_35/lib CMakeFiles/cmTC_ce8fe.dir/CMakeCXXCompilerABI.cpp.o -lstdc++ -lm -lgcc_s -lgcc -lc -lgcc_s -lgcc /home/aa/anaconda3/envs/vawt_35/bin/../lib/gcc/x86_64-conda_cos6-linux-gnu/7.5.0/crtendS.o /home/aa/anaconda3/envs/vawt_35/bin/../x86_64-conda_cos6-linux-gnu/sysroot/usr/lib/../lib/crtn.o]
    arg [/home/aa/anaconda3/envs/vawt_35/bin/../libexec/gcc/x86_64-conda_cos6-linux-gnu/7.5.0/collect2] ==> ignore
    arg [-plugin] ==> ignore
    arg [/home/aa/anaconda3/envs/vawt_35/bin/../libexec/gcc/x86_64-conda_cos6-linux-gnu/7.5.0/liblto_plugin.so] ==> ignore
    arg [-plugin-opt=/home/aa/anaconda3/envs/vawt_35/bin/../libexec/gcc/x86_64-conda_cos6-linux-gnu/7.5.0/lto-wrapper] ==> ignore
    arg [-plugin-opt=-fresolution=/tmp/ccZjc1nB.res] ==> ignore
    arg [-plugin-opt=-pass-through=-lgcc_s] ==> ignore
    arg [-plugin-opt=-pass-through=-lgcc] ==> ignore
    arg [-plugin-opt=-pass-through=-lc] ==> ignore
    arg [-plugin-opt=-pass-through=-lgcc_s] ==> ignore
    arg [-plugin-opt=-pass-through=-lgcc] ==> ignore
    arg [--sysroot=/home/aa/anaconda3/envs/vawt_35/bin/../x86_64-conda_cos6-linux-gnu/sysroot] ==> ignore
    arg [--eh-frame-hdr] ==> ignore
    arg [-m] ==> ignore
    arg [elf_x86_64] ==> ignore
    arg [-export-dynamic] ==> ignore
    arg [-dynamic-linker] ==> ignore
    arg [/lib64/ld-linux-x86-64.so.2] ==> ignore
    arg [-pie] ==> ignore
    arg [-o] ==> ignore
    arg [cmTC_ce8fe] ==> ignore
    arg [/home/aa/anaconda3/envs/vawt_35/bin/../x86_64-conda_cos6-linux-gnu/sysroot/usr/lib/../lib/Scrt1.o] ==> ignore
    arg [/home/aa/anaconda3/envs/vawt_35/bin/../x86_64-conda_cos6-linux-gnu/sysroot/usr/lib/../lib/crti.o] ==> ignore
    arg [/home/aa/anaconda3/envs/vawt_35/bin/../lib/gcc/x86_64-conda_cos6-linux-gnu/7.5.0/crtbeginS.o] ==> ignore
    arg [-L/home/aa/anaconda3/envs/vawt_35/lib] ==> dir [/home/aa/anaconda3/envs/vawt_35/lib]
    arg [-L/home/aa/anaconda3/envs/vawt_35/bin/../lib/gcc/x86_64-conda_cos6-linux-gnu/7.5.0] ==> dir [/home/aa/anaconda3/envs/vawt_35/bin/../lib/gcc/x86_64-conda_cos6-linux-gnu/7.5.0]
    arg [-L/home/aa/anaconda3/envs/vawt_35/bin/../lib/gcc] ==> dir [/home/aa/anaconda3/envs/vawt_35/bin/../lib/gcc]
    arg [-L/home/aa/anaconda3/envs/vawt_35/bin/../lib/gcc/x86_64-conda_cos6-linux-gnu/7.5.0/../../../../x86_64-conda_cos6-linux-gnu/lib/../lib] ==> dir [/home/aa/anaconda3/envs/vawt_35/bin/../lib/gcc/x86_64-conda_cos6-linux-gnu/7.5.0/../../../../x86_64-conda_cos6-linux-gnu/lib/../lib]
    arg [-L/home/aa/anaconda3/envs/vawt_35/bin/../x86_64-conda_cos6-linux-gnu/sysroot/lib/../lib] ==> dir [/home/aa/anaconda3/envs/vawt_35/bin/../x86_64-conda_cos6-linux-gnu/sysroot/lib/../lib]
    arg [-L/home/aa/anaconda3/envs/vawt_35/bin/../x86_64-conda_cos6-linux-gnu/sysroot/usr/lib/../lib] ==> dir [/home/aa/anaconda3/envs/vawt_35/bin/../x86_64-conda_cos6-linux-gnu/sysroot/usr/lib/../lib]
    arg [-L/home/aa/anaconda3/envs/vawt_35/bin/../lib/gcc/x86_64-conda_cos6-linux-gnu/7.5.0/../../../../x86_64-conda_cos6-linux-gnu/lib] ==> dir [/home/aa/anaconda3/envs/vawt_35/bin/../lib/gcc/x86_64-conda_cos6-linux-gnu/7.5.0/../../../../x86_64-conda_cos6-linux-gnu/lib]
    arg [-L/home/aa/anaconda3/envs/vawt_35/bin/../x86_64-conda_cos6-linux-gnu/sysroot/lib] ==> dir [/home/aa/anaconda3/envs/vawt_35/bin/../x86_64-conda_cos6-linux-gnu/sysroot/lib]
    arg [-L/home/aa/anaconda3/envs/vawt_35/bin/../x86_64-conda_cos6-linux-gnu/sysroot/usr/lib] ==> dir [/home/aa/anaconda3/envs/vawt_35/bin/../x86_64-conda_cos6-linux-gnu/sysroot/usr/lib]
    arg [-rpath] ==> ignore
    arg [/home/aa/anaconda3/envs/vawt_35/lib] ==> ignore
    arg [-O2] ==> ignore
    arg [--sort-common] ==> ignore
    arg [--as-needed] ==> ignore
    arg [-zrelro] ==> ignore
    arg [-znow] ==> ignore
    arg [--disable-new-dtags] ==> ignore
    arg [--gc-sections] ==> ignore
    arg [-rpath] ==> ignore
    arg [/home/aa/anaconda3/envs/vawt_35/lib] ==> ignore
    arg [-rpath-link] ==> ignore
    arg [/home/aa/anaconda3/envs/vawt_35/lib] ==> ignore
    arg [CMakeFiles/cmTC_ce8fe.dir/CMakeCXXCompilerABI.cpp.o] ==> ignore
    arg [-lstdc++] ==> lib [stdc++]
    arg [-lm] ==> lib [m]
    arg [-lgcc_s] ==> lib [gcc_s]
    arg [-lgcc] ==> lib [gcc]
    arg [-lc] ==> lib [c]
    arg [-lgcc_s] ==> lib [gcc_s]
    arg [-lgcc] ==> lib [gcc]
    arg [/home/aa/anaconda3/envs/vawt_35/bin/../lib/gcc/x86_64-conda_cos6-linux-gnu/7.5.0/crtendS.o] ==> ignore
    arg [/home/aa/anaconda3/envs/vawt_35/bin/../x86_64-conda_cos6-linux-gnu/sysroot/usr/lib/../lib/crtn.o] ==> ignore
  collapse library dir [/home/aa/anaconda3/envs/vawt_35/lib] ==> [/home/aa/anaconda3/envs/vawt_35/lib]
  collapse library dir [/home/aa/anaconda3/envs/vawt_35/bin/../lib/gcc/x86_64-conda_cos6-linux-gnu/7.5.0] ==> [/home/aa/anaconda3/envs/vawt_35/lib/gcc/x86_64-conda_cos6-linux-gnu/7.5.0]
  collapse library dir [/home/aa/anaconda3/envs/vawt_35/bin/../lib/gcc] ==> [/home/aa/anaconda3/envs/vawt_35/lib/gcc]
  collapse library dir [/home/aa/anaconda3/envs/vawt_35/bin/../lib/gcc/x86_64-conda_cos6-linux-gnu/7.5.0/../../../../x86_64-conda_cos6-linux-gnu/lib/../lib] ==> [/home/aa/anaconda3/envs/vawt_35/x86_64-conda_cos6-linux-gnu/lib]
  collapse library dir [/home/aa/anaconda3/envs/vawt_35/bin/../x86_64-conda_cos6-linux-gnu/sysroot/lib/../lib] ==> [/home/aa/anaconda3/envs/vawt_35/x86_64-conda_cos6-linux-gnu/sysroot/lib]
  collapse library dir [/home/aa/anaconda3/envs/vawt_35/bin/../x86_64-conda_cos6-linux-gnu/sysroot/usr/lib/../lib] ==> [/home/aa/anaconda3/envs/vawt_35/x86_64-conda_cos6-linux-gnu/sysroot/usr/lib]
  collapse library dir [/home/aa/anaconda3/envs/vawt_35/bin/../lib/gcc/x86_64-conda_cos6-linux-gnu/7.5.0/../../../../x86_64-conda_cos6-linux-gnu/lib] ==> [/home/aa/anaconda3/envs/vawt_35/x86_64-conda_cos6-linux-gnu/lib]
  collapse library dir [/home/aa/anaconda3/envs/vawt_35/bin/../x86_64-conda_cos6-linux-gnu/sysroot/lib] ==> [/home/aa/anaconda3/envs/vawt_35/x86_64-conda_cos6-linux-gnu/sysroot/lib]
  collapse library dir [/home/aa/anaconda3/envs/vawt_35/bin/../x86_64-conda_cos6-linux-gnu/sysroot/usr/lib] ==> [/home/aa/anaconda3/envs/vawt_35/x86_64-conda_cos6-linux-gnu/sysroot/usr/lib]
  implicit libs: [stdc++;m;gcc_s;gcc;c;gcc_s;gcc]
  implicit dirs: [/home/aa/anaconda3/envs/vawt_35/lib;/home/aa/anaconda3/envs/vawt_35/lib/gcc/x86_64-conda_cos6-linux-gnu/7.5.0;/home/aa/anaconda3/envs/vawt_35/lib/gcc;/home/aa/anaconda3/envs/vawt_35/x86_64-conda_cos6-linux-gnu/lib;/home/aa/anaconda3/envs/vawt_35/x86_64-conda_cos6-linux-gnu/sysroot/lib;/home/aa/anaconda3/envs/vawt_35/x86_64-conda_cos6-linux-gnu/sysroot/usr/lib]
  implicit fwks: []


Determining if the include file pthread.h exists passed with the following output:
Change Dir: /home/aa/vawt_env/learn/trivia/CMakeFiles/CMakeTmp

Run Build Command(s):/usr/bin/make cmTC_2b104/fast && /usr/bin/make -f CMakeFiles/cmTC_2b104.dir/build.make CMakeFiles/cmTC_2b104.dir/build
make[1]: Entering directory '/home/aa/vawt_env/learn/trivia/CMakeFiles/CMakeTmp'
Building C object CMakeFiles/cmTC_2b104.dir/CheckIncludeFile.c.o
/home/aa/anaconda3/envs/vawt_35/bin/x86_64-conda_cos6-linux-gnu-cc   -march=nocona -mtune=haswell -ftree-vectorize -fPIC -fstack-protector-strong -fno-plt -O2 -ffunction-sections -pipe -isystem /home/aa/anaconda3/envs/vawt_35/include    -o CMakeFiles/cmTC_2b104.dir/CheckIncludeFile.c.o   -c /home/aa/vawt_env/learn/trivia/CMakeFiles/CMakeTmp/CheckIncludeFile.c
Linking C executable cmTC_2b104
/home/aa/anaconda3/envs/vawt_35/bin/cmake -E cmake_link_script CMakeFiles/cmTC_2b104.dir/link.txt --verbose=1
/home/aa/anaconda3/envs/vawt_35/bin/x86_64-conda_cos6-linux-gnu-cc -march=nocona -mtune=haswell -ftree-vectorize -fPIC -fstack-protector-strong -fno-plt -O2 -ffunction-sections -pipe -isystem /home/aa/anaconda3/envs/vawt_35/include   -Wl,-O2 -Wl,--sort-common -Wl,--as-needed -Wl,-z,relro -Wl,-z,now -Wl,--disable-new-dtags -Wl,--gc-sections -Wl,-rpath,/home/aa/anaconda3/envs/vawt_35/lib -Wl,-rpath-link,/home/aa/anaconda3/envs/vawt_35/lib -L/home/aa/anaconda3/envs/vawt_35/lib  -rdynamic CMakeFiles/cmTC_2b104.dir/CheckIncludeFile.c.o  -o cmTC_2b104 
make[1]: Leaving directory '/home/aa/vawt_env/learn/trivia/CMakeFiles/CMakeTmp'



Determining if the function pthread_create exists in the pthread passed with the following output:
Change Dir: /home/aa/vawt_env/learn/trivia/CMakeFiles/CMakeTmp

Run Build Command(s):/usr/bin/make cmTC_24fad/fast && /usr/bin/make -f CMakeFiles/cmTC_24fad.dir/build.make CMakeFiles/cmTC_24fad.dir/build
make[1]: Entering directory '/home/aa/vawt_env/learn/trivia/CMakeFiles/CMakeTmp'
Building C object CMakeFiles/cmTC_24fad.dir/CheckFunctionExists.c.o
/home/aa/anaconda3/envs/vawt_35/bin/x86_64-conda_cos6-linux-gnu-cc   -march=nocona -mtune=haswell -ftree-vectorize -fPIC -fstack-protector-strong -fno-plt -O2 -ffunction-sections -pipe -isystem /home/aa/anaconda3/envs/vawt_35/include -DCHECK_FUNCTION_EXISTS=pthread_create   -o CMakeFiles/cmTC_24fad.dir/CheckFunctionExists.c.o   -c /home/aa/anaconda3/envs/vawt_35/share/cmake-3.17/Modules/CheckFunctionExists.c
Linking C executable cmTC_24fad
/home/aa/anaconda3/envs/vawt_35/bin/cmake -E cmake_link_script CMakeFiles/cmTC_24fad.dir/link.txt --verbose=1
/home/aa/anaconda3/envs/vawt_35/bin/x86_64-conda_cos6-linux-gnu-cc -march=nocona -mtune=haswell -ftree-vectorize -fPIC -fstack-protector-strong -fno-plt -O2 -ffunction-sections -pipe -isystem /home/aa/anaconda3/envs/vawt_35/include -DCHECK_FUNCTION_EXISTS=pthread_create  -Wl,-O2 -Wl,--sort-common -Wl,--as-needed -Wl,-z,relro -Wl,-z,now -Wl,--disable-new-dtags -Wl,--gc-sections -Wl,-rpath,/home/aa/anaconda3/envs/vawt_35/lib -Wl,-rpath-link,/home/aa/anaconda3/envs/vawt_35/lib -L/home/aa/anaconda3/envs/vawt_35/lib  -rdynamic CMakeFiles/cmTC_24fad.dir/CheckFunctionExists.c.o  -o cmTC_24fad  -lpthread 
make[1]: Leaving directory '/home/aa/vawt_env/learn/trivia/CMakeFiles/CMakeTmp'



